

============================== 2023-02-06 03:17:15.150604 | 6d124d1c-dc2b-4eb8-9312-ba8969e44e64 ==============================
[0m03:17:15.150612 [info ] [MainThread]: Running with dbt=1.3.1
[0m03:17:15.150978 [debug] [MainThread]: running dbt with arguments {'write_json': True, 'use_colors': True, 'printer_width': 80, 'version_check': True, 'partial_parse': True, 'static_parser': True, 'profiles_dir': '/home/chris/.dbt', 'send_anonymous_usage_stats': True, 'event_buffer_size': 100000, 'quiet': False, 'no_print': False, 'project_name': 'formula_1', 'skip_profile_setup': False, 'which': 'init', 'indirect_selection': 'eager'}
[0m03:17:15.151121 [debug] [MainThread]: Tracking: tracking
[0m03:17:15.152115 [debug] [MainThread]: Sending event: {'category': 'dbt', 'action': 'invocation', 'label': 'start', 'context': [<snowplow_tracker.self_describing_json.SelfDescribingJson object at 0x7f8f5bc5bdc0>, <snowplow_tracker.self_describing_json.SelfDescribingJson object at 0x7f8f5bc5bfa0>, <snowplow_tracker.self_describing_json.SelfDescribingJson object at 0x7f8f5bc5b970>]}
[0m03:17:15.163833 [debug] [MainThread]: Starter project path: /home/chris/projects/dbt_grafanalabs_global/.venv/lib/python3.10/site-packages/dbt/include/starter_project
[0m03:18:17.461499 [info ] [MainThread]: Profile formula_1 written to /home/chris/.dbt/profiles.yml using target's profile_template.yml and your supplied values. Run 'dbt debug' to validate the connection.
[0m03:18:17.461954 [info ] [MainThread]: 
Your new dbt project "formula_1" was created!

For more information on how to configure the profiles.yml file,
please consult the dbt documentation here:

  https://docs.getdbt.com/docs/configure-your-profile

One more thing:

Need help? Don't hesitate to reach out to us via GitHub issues or on Slack:

  https://community.getdbt.com/

Happy modeling!

[0m03:18:17.462368 [debug] [MainThread]: Sending event: {'category': 'dbt', 'action': 'invocation', 'label': 'end', 'context': [<snowplow_tracker.self_describing_json.SelfDescribingJson object at 0x7f8f5bc5b970>, <snowplow_tracker.self_describing_json.SelfDescribingJson object at 0x7f8f5bc5bbb0>, <snowplow_tracker.self_describing_json.SelfDescribingJson object at 0x7f8f5bc5a860>]}
[0m03:18:17.462656 [debug] [MainThread]: Flushing usage events


============================== 2023-02-06 03:49:25.121726 | b5624353-f05c-4b11-8ed9-b05c3ef0c64a ==============================
[0m03:49:25.121735 [info ] [MainThread]: Running with dbt=1.3.1
[0m03:49:25.122075 [debug] [MainThread]: running dbt with arguments {'write_json': True, 'use_colors': True, 'printer_width': 80, 'version_check': True, 'partial_parse': True, 'static_parser': True, 'profiles_dir': '/home/chris/.dbt', 'send_anonymous_usage_stats': True, 'event_buffer_size': 100000, 'quiet': False, 'no_print': False, 'which': 'run', 'rpc_method': 'run', 'indirect_selection': 'eager'}
[0m03:49:25.122222 [debug] [MainThread]: Tracking: tracking
[0m03:49:25.123183 [debug] [MainThread]: Sending event: {'category': 'dbt', 'action': 'invocation', 'label': 'start', 'context': [<snowplow_tracker.self_describing_json.SelfDescribingJson object at 0x7f94c62392d0>, <snowplow_tracker.self_describing_json.SelfDescribingJson object at 0x7f94c62391e0>, <snowplow_tracker.self_describing_json.SelfDescribingJson object at 0x7f94c6239240>]}
[0m03:49:25.131828 [info ] [MainThread]: Partial parse save file not found. Starting full parse.
[0m03:49:25.132126 [debug] [MainThread]: Sending event: {'category': 'dbt', 'action': 'partial_parser', 'label': 'b5624353-f05c-4b11-8ed9-b05c3ef0c64a', 'context': [<snowplow_tracker.self_describing_json.SelfDescribingJson object at 0x7f94c6254370>]}
[0m03:49:25.144954 [debug] [MainThread]: Parsing macros/etc.sql
[0m03:49:25.147042 [debug] [MainThread]: Parsing macros/adapters.sql
[0m03:49:25.165945 [debug] [MainThread]: Parsing macros/catalog.sql
[0m03:49:25.170887 [debug] [MainThread]: Parsing macros/utils/timestamps.sql
[0m03:49:25.171932 [debug] [MainThread]: Parsing macros/utils/array_append.sql
[0m03:49:25.172516 [debug] [MainThread]: Parsing macros/utils/escape_single_quotes.sql
[0m03:49:25.173066 [debug] [MainThread]: Parsing macros/utils/dateadd.sql
[0m03:49:25.173666 [debug] [MainThread]: Parsing macros/utils/position.sql
[0m03:49:25.174185 [debug] [MainThread]: Parsing macros/utils/listagg.sql
[0m03:49:25.175103 [debug] [MainThread]: Parsing macros/utils/array_concat.sql
[0m03:49:25.175610 [debug] [MainThread]: Parsing macros/utils/split_part.sql
[0m03:49:25.177376 [debug] [MainThread]: Parsing macros/utils/bool_or.sql
[0m03:49:25.177826 [debug] [MainThread]: Parsing macros/utils/safe_cast.sql
[0m03:49:25.178324 [debug] [MainThread]: Parsing macros/utils/datediff.sql
[0m03:49:25.179429 [debug] [MainThread]: Parsing macros/utils/hash.sql
[0m03:49:25.179934 [debug] [MainThread]: Parsing macros/utils/date_trunc.sql
[0m03:49:25.180452 [debug] [MainThread]: Parsing macros/utils/right.sql
[0m03:49:25.181052 [debug] [MainThread]: Parsing macros/utils/intersect.sql
[0m03:49:25.181426 [debug] [MainThread]: Parsing macros/utils/array_construct.sql
[0m03:49:25.182199 [debug] [MainThread]: Parsing macros/utils/except.sql
[0m03:49:25.182575 [debug] [MainThread]: Parsing macros/adapters/apply_grants.sql
[0m03:49:25.184902 [debug] [MainThread]: Parsing macros/materializations/view.sql
[0m03:49:25.187395 [debug] [MainThread]: Parsing macros/materializations/incremental.sql
[0m03:49:25.203321 [debug] [MainThread]: Parsing macros/materializations/table.sql
[0m03:49:25.209648 [debug] [MainThread]: Parsing macros/materializations/seed.sql
[0m03:49:25.211871 [debug] [MainThread]: Parsing macros/materializations/copy.sql
[0m03:49:25.214276 [debug] [MainThread]: Parsing macros/materializations/snapshot.sql
[0m03:49:25.215765 [debug] [MainThread]: Parsing macros/python_model/python.sql
[0m03:49:25.221091 [debug] [MainThread]: Parsing macros/generic_test_sql/unique.sql
[0m03:49:25.221729 [debug] [MainThread]: Parsing macros/generic_test_sql/accepted_values.sql
[0m03:49:25.222935 [debug] [MainThread]: Parsing macros/generic_test_sql/relationships.sql
[0m03:49:25.223725 [debug] [MainThread]: Parsing macros/generic_test_sql/not_null.sql
[0m03:49:25.224472 [debug] [MainThread]: Parsing macros/etc/datetime.sql
[0m03:49:25.231822 [debug] [MainThread]: Parsing macros/etc/statement.sql
[0m03:49:25.236453 [debug] [MainThread]: Parsing macros/get_custom_name/get_custom_alias.sql
[0m03:49:25.237777 [debug] [MainThread]: Parsing macros/get_custom_name/get_custom_schema.sql
[0m03:49:25.239970 [debug] [MainThread]: Parsing macros/get_custom_name/get_custom_database.sql
[0m03:49:25.241391 [debug] [MainThread]: Parsing macros/utils/array_append.sql
[0m03:49:25.242392 [debug] [MainThread]: Parsing macros/utils/escape_single_quotes.sql
[0m03:49:25.243370 [debug] [MainThread]: Parsing macros/utils/dateadd.sql
[0m03:49:25.244525 [debug] [MainThread]: Parsing macros/utils/position.sql
[0m03:49:25.245654 [debug] [MainThread]: Parsing macros/utils/listagg.sql
[0m03:49:25.247730 [debug] [MainThread]: Parsing macros/utils/literal.sql
[0m03:49:25.248614 [debug] [MainThread]: Parsing macros/utils/cast_bool_to_text.sql
[0m03:49:25.249600 [debug] [MainThread]: Parsing macros/utils/any_value.sql
[0m03:49:25.250491 [debug] [MainThread]: Parsing macros/utils/array_concat.sql
[0m03:49:25.251487 [debug] [MainThread]: Parsing macros/utils/split_part.sql
[0m03:49:25.253355 [debug] [MainThread]: Parsing macros/utils/length.sql
[0m03:49:25.254265 [debug] [MainThread]: Parsing macros/utils/replace.sql
[0m03:49:25.255406 [debug] [MainThread]: Parsing macros/utils/concat.sql
[0m03:49:25.256442 [debug] [MainThread]: Parsing macros/utils/bool_or.sql
[0m03:49:25.257323 [debug] [MainThread]: Parsing macros/utils/safe_cast.sql
[0m03:49:25.258343 [debug] [MainThread]: Parsing macros/utils/data_types.sql
[0m03:49:25.264459 [debug] [MainThread]: Parsing macros/utils/last_day.sql
[0m03:49:25.266211 [debug] [MainThread]: Parsing macros/utils/datediff.sql
[0m03:49:25.267336 [debug] [MainThread]: Parsing macros/utils/hash.sql
[0m03:49:25.268347 [debug] [MainThread]: Parsing macros/utils/date_trunc.sql
[0m03:49:25.269336 [debug] [MainThread]: Parsing macros/utils/right.sql
[0m03:49:25.270360 [debug] [MainThread]: Parsing macros/utils/intersect.sql
[0m03:49:25.271151 [debug] [MainThread]: Parsing macros/utils/array_construct.sql
[0m03:49:25.272552 [debug] [MainThread]: Parsing macros/utils/except.sql
[0m03:49:25.273339 [debug] [MainThread]: Parsing macros/adapters/timestamps.sql
[0m03:49:25.276505 [debug] [MainThread]: Parsing macros/adapters/indexes.sql
[0m03:49:25.278909 [debug] [MainThread]: Parsing macros/adapters/schema.sql
[0m03:49:25.280867 [debug] [MainThread]: Parsing macros/adapters/apply_grants.sql
[0m03:49:25.293046 [debug] [MainThread]: Parsing macros/adapters/relation.sql
[0m03:49:25.305928 [debug] [MainThread]: Parsing macros/adapters/freshness.sql
[0m03:49:25.307697 [debug] [MainThread]: Parsing macros/adapters/columns.sql
[0m03:49:25.316121 [debug] [MainThread]: Parsing macros/adapters/metadata.sql
[0m03:49:25.322556 [debug] [MainThread]: Parsing macros/adapters/persist_docs.sql
[0m03:49:25.326471 [debug] [MainThread]: Parsing macros/materializations/hooks.sql
[0m03:49:25.329910 [debug] [MainThread]: Parsing macros/materializations/configs.sql
[0m03:49:25.332145 [debug] [MainThread]: Parsing macros/materializations/snapshots/helpers.sql
[0m03:49:25.343105 [debug] [MainThread]: Parsing macros/materializations/snapshots/strategies.sql
[0m03:49:25.357262 [debug] [MainThread]: Parsing macros/materializations/snapshots/snapshot_merge.sql
[0m03:49:25.358772 [debug] [MainThread]: Parsing macros/materializations/snapshots/snapshot.sql
[0m03:49:25.368785 [debug] [MainThread]: Parsing macros/materializations/models/table/table.sql
[0m03:49:25.373547 [debug] [MainThread]: Parsing macros/materializations/models/table/create_table_as.sql
[0m03:49:25.376686 [debug] [MainThread]: Parsing macros/materializations/models/incremental/merge.sql
[0m03:49:25.389631 [debug] [MainThread]: Parsing macros/materializations/models/incremental/incremental.sql
[0m03:49:25.398728 [debug] [MainThread]: Parsing macros/materializations/models/incremental/on_schema_change.sql
[0m03:49:25.412872 [debug] [MainThread]: Parsing macros/materializations/models/incremental/is_incremental.sql
[0m03:49:25.414192 [debug] [MainThread]: Parsing macros/materializations/models/incremental/strategies.sql
[0m03:49:25.420300 [debug] [MainThread]: Parsing macros/materializations/models/incremental/column_helpers.sql
[0m03:49:25.427451 [debug] [MainThread]: Parsing macros/materializations/models/view/view.sql
[0m03:49:25.432150 [debug] [MainThread]: Parsing macros/materializations/models/view/create_or_replace_view.sql
[0m03:49:25.435078 [debug] [MainThread]: Parsing macros/materializations/models/view/create_view_as.sql
[0m03:49:25.437163 [debug] [MainThread]: Parsing macros/materializations/models/view/helpers.sql
[0m03:49:25.438344 [debug] [MainThread]: Parsing macros/materializations/seeds/seed.sql
[0m03:49:25.444454 [debug] [MainThread]: Parsing macros/materializations/seeds/helpers.sql
[0m03:49:25.460310 [debug] [MainThread]: Parsing macros/materializations/tests/test.sql
[0m03:49:25.464238 [debug] [MainThread]: Parsing macros/materializations/tests/helpers.sql
[0m03:49:25.465800 [debug] [MainThread]: Parsing macros/materializations/tests/where_subquery.sql
[0m03:49:25.467441 [debug] [MainThread]: Parsing tests/generic/builtin.sql
[0m03:49:25.726181 [debug] [MainThread]: 1699: static parser successfully parsed marts/f1/dim_drivers.sql
[0m03:49:25.737200 [debug] [MainThread]: 1699: static parser successfully parsed marts/f1/dim_circuits.sql
[0m03:49:25.739988 [debug] [MainThread]: 1699: static parser successfully parsed marts/f1/dim_constructors.sql
[0m03:49:25.742770 [debug] [MainThread]: 1603: static parser failed on staging/kaggle/stg_kaggle__constructors.sql
[0m03:49:25.785213 [debug] [MainThread]: Sending event: {'category': 'dbt', 'action': 'invocation', 'label': 'end', 'context': [<snowplow_tracker.self_describing_json.SelfDescribingJson object at 0x7f94c6238af0>, <snowplow_tracker.self_describing_json.SelfDescribingJson object at 0x7f94c5fe1390>, <snowplow_tracker.self_describing_json.SelfDescribingJson object at 0x7f94c5fe1ab0>]}
[0m03:49:25.785566 [debug] [MainThread]: Flushing usage events
[0m03:49:25.968558 [error] [MainThread]: Encountered an error:
Compilation Error in model stg_kaggle__constructors (models/staging/kaggle/stg_kaggle__constructors.sql)
  source() takes exactly two arguments (1 given)


============================== 2023-02-06 03:51:35.079826 | 5b1131ca-611e-4d0d-b230-2b46bf87d250 ==============================
[0m03:51:35.079841 [info ] [MainThread]: Running with dbt=1.3.1
[0m03:51:35.080188 [debug] [MainThread]: running dbt with arguments {'write_json': True, 'use_colors': True, 'printer_width': 80, 'version_check': True, 'partial_parse': True, 'static_parser': True, 'profiles_dir': '/home/chris/.dbt', 'send_anonymous_usage_stats': True, 'event_buffer_size': 100000, 'quiet': False, 'no_print': False, 'which': 'run', 'rpc_method': 'run', 'indirect_selection': 'eager'}
[0m03:51:35.080335 [debug] [MainThread]: Tracking: tracking
[0m03:51:35.081286 [debug] [MainThread]: Sending event: {'category': 'dbt', 'action': 'invocation', 'label': 'start', 'context': [<snowplow_tracker.self_describing_json.SelfDescribingJson object at 0x7f726453d300>, <snowplow_tracker.self_describing_json.SelfDescribingJson object at 0x7f726453d210>, <snowplow_tracker.self_describing_json.SelfDescribingJson object at 0x7f726453d270>]}
[0m03:51:35.090108 [info ] [MainThread]: Partial parse save file not found. Starting full parse.
[0m03:51:35.090390 [debug] [MainThread]: Sending event: {'category': 'dbt', 'action': 'partial_parser', 'label': '5b1131ca-611e-4d0d-b230-2b46bf87d250', 'context': [<snowplow_tracker.self_describing_json.SelfDescribingJson object at 0x7f72645597b0>]}
[0m03:51:35.103773 [debug] [MainThread]: Parsing macros/etc.sql
[0m03:51:35.105918 [debug] [MainThread]: Parsing macros/adapters.sql
[0m03:51:35.125022 [debug] [MainThread]: Parsing macros/catalog.sql
[0m03:51:35.130039 [debug] [MainThread]: Parsing macros/utils/timestamps.sql
[0m03:51:35.131118 [debug] [MainThread]: Parsing macros/utils/array_append.sql
[0m03:51:35.131720 [debug] [MainThread]: Parsing macros/utils/escape_single_quotes.sql
[0m03:51:35.132276 [debug] [MainThread]: Parsing macros/utils/dateadd.sql
[0m03:51:35.132910 [debug] [MainThread]: Parsing macros/utils/position.sql
[0m03:51:35.133454 [debug] [MainThread]: Parsing macros/utils/listagg.sql
[0m03:51:35.134384 [debug] [MainThread]: Parsing macros/utils/array_concat.sql
[0m03:51:35.134908 [debug] [MainThread]: Parsing macros/utils/split_part.sql
[0m03:51:35.136732 [debug] [MainThread]: Parsing macros/utils/bool_or.sql
[0m03:51:35.137200 [debug] [MainThread]: Parsing macros/utils/safe_cast.sql
[0m03:51:35.137712 [debug] [MainThread]: Parsing macros/utils/datediff.sql
[0m03:51:35.138835 [debug] [MainThread]: Parsing macros/utils/hash.sql
[0m03:51:35.139345 [debug] [MainThread]: Parsing macros/utils/date_trunc.sql
[0m03:51:35.139881 [debug] [MainThread]: Parsing macros/utils/right.sql
[0m03:51:35.140494 [debug] [MainThread]: Parsing macros/utils/intersect.sql
[0m03:51:35.140878 [debug] [MainThread]: Parsing macros/utils/array_construct.sql
[0m03:51:35.141665 [debug] [MainThread]: Parsing macros/utils/except.sql
[0m03:51:35.142054 [debug] [MainThread]: Parsing macros/adapters/apply_grants.sql
[0m03:51:35.144418 [debug] [MainThread]: Parsing macros/materializations/view.sql
[0m03:51:35.146951 [debug] [MainThread]: Parsing macros/materializations/incremental.sql
[0m03:51:35.163024 [debug] [MainThread]: Parsing macros/materializations/table.sql
[0m03:51:35.169389 [debug] [MainThread]: Parsing macros/materializations/seed.sql
[0m03:51:35.171641 [debug] [MainThread]: Parsing macros/materializations/copy.sql
[0m03:51:35.174091 [debug] [MainThread]: Parsing macros/materializations/snapshot.sql
[0m03:51:35.175611 [debug] [MainThread]: Parsing macros/python_model/python.sql
[0m03:51:35.181027 [debug] [MainThread]: Parsing macros/generic_test_sql/unique.sql
[0m03:51:35.181700 [debug] [MainThread]: Parsing macros/generic_test_sql/accepted_values.sql
[0m03:51:35.182936 [debug] [MainThread]: Parsing macros/generic_test_sql/relationships.sql
[0m03:51:35.183742 [debug] [MainThread]: Parsing macros/generic_test_sql/not_null.sql
[0m03:51:35.184515 [debug] [MainThread]: Parsing macros/etc/datetime.sql
[0m03:51:35.191988 [debug] [MainThread]: Parsing macros/etc/statement.sql
[0m03:51:35.196669 [debug] [MainThread]: Parsing macros/get_custom_name/get_custom_alias.sql
[0m03:51:35.198028 [debug] [MainThread]: Parsing macros/get_custom_name/get_custom_schema.sql
[0m03:51:35.200272 [debug] [MainThread]: Parsing macros/get_custom_name/get_custom_database.sql
[0m03:51:35.201716 [debug] [MainThread]: Parsing macros/utils/array_append.sql
[0m03:51:35.202729 [debug] [MainThread]: Parsing macros/utils/escape_single_quotes.sql
[0m03:51:35.203732 [debug] [MainThread]: Parsing macros/utils/dateadd.sql
[0m03:51:35.204913 [debug] [MainThread]: Parsing macros/utils/position.sql
[0m03:51:35.206065 [debug] [MainThread]: Parsing macros/utils/listagg.sql
[0m03:51:35.208150 [debug] [MainThread]: Parsing macros/utils/literal.sql
[0m03:51:35.209055 [debug] [MainThread]: Parsing macros/utils/cast_bool_to_text.sql
[0m03:51:35.210065 [debug] [MainThread]: Parsing macros/utils/any_value.sql
[0m03:51:35.210975 [debug] [MainThread]: Parsing macros/utils/array_concat.sql
[0m03:51:35.212000 [debug] [MainThread]: Parsing macros/utils/split_part.sql
[0m03:51:35.213888 [debug] [MainThread]: Parsing macros/utils/length.sql
[0m03:51:35.214808 [debug] [MainThread]: Parsing macros/utils/replace.sql
[0m03:51:35.215972 [debug] [MainThread]: Parsing macros/utils/concat.sql
[0m03:51:35.217030 [debug] [MainThread]: Parsing macros/utils/bool_or.sql
[0m03:51:35.217936 [debug] [MainThread]: Parsing macros/utils/safe_cast.sql
[0m03:51:35.218986 [debug] [MainThread]: Parsing macros/utils/data_types.sql
[0m03:51:35.225219 [debug] [MainThread]: Parsing macros/utils/last_day.sql
[0m03:51:35.227018 [debug] [MainThread]: Parsing macros/utils/datediff.sql
[0m03:51:35.228196 [debug] [MainThread]: Parsing macros/utils/hash.sql
[0m03:51:35.229232 [debug] [MainThread]: Parsing macros/utils/date_trunc.sql
[0m03:51:35.230232 [debug] [MainThread]: Parsing macros/utils/right.sql
[0m03:51:35.231282 [debug] [MainThread]: Parsing macros/utils/intersect.sql
[0m03:51:35.232103 [debug] [MainThread]: Parsing macros/utils/array_construct.sql
[0m03:51:35.233528 [debug] [MainThread]: Parsing macros/utils/except.sql
[0m03:51:35.234337 [debug] [MainThread]: Parsing macros/adapters/timestamps.sql
[0m03:51:35.237570 [debug] [MainThread]: Parsing macros/adapters/indexes.sql
[0m03:51:35.240039 [debug] [MainThread]: Parsing macros/adapters/schema.sql
[0m03:51:35.242041 [debug] [MainThread]: Parsing macros/adapters/apply_grants.sql
[0m03:51:35.254484 [debug] [MainThread]: Parsing macros/adapters/relation.sql
[0m03:51:35.267597 [debug] [MainThread]: Parsing macros/adapters/freshness.sql
[0m03:51:35.269422 [debug] [MainThread]: Parsing macros/adapters/columns.sql
[0m03:51:35.277983 [debug] [MainThread]: Parsing macros/adapters/metadata.sql
[0m03:51:35.284533 [debug] [MainThread]: Parsing macros/adapters/persist_docs.sql
[0m03:51:35.288524 [debug] [MainThread]: Parsing macros/materializations/hooks.sql
[0m03:51:35.292017 [debug] [MainThread]: Parsing macros/materializations/configs.sql
[0m03:51:35.294279 [debug] [MainThread]: Parsing macros/materializations/snapshots/helpers.sql
[0m03:51:35.305464 [debug] [MainThread]: Parsing macros/materializations/snapshots/strategies.sql
[0m03:51:35.319870 [debug] [MainThread]: Parsing macros/materializations/snapshots/snapshot_merge.sql
[0m03:51:35.321366 [debug] [MainThread]: Parsing macros/materializations/snapshots/snapshot.sql
[0m03:51:35.331521 [debug] [MainThread]: Parsing macros/materializations/models/table/table.sql
[0m03:51:35.336324 [debug] [MainThread]: Parsing macros/materializations/models/table/create_table_as.sql
[0m03:51:35.339501 [debug] [MainThread]: Parsing macros/materializations/models/incremental/merge.sql
[0m03:51:35.352645 [debug] [MainThread]: Parsing macros/materializations/models/incremental/incremental.sql
[0m03:51:35.361852 [debug] [MainThread]: Parsing macros/materializations/models/incremental/on_schema_change.sql
[0m03:51:35.376166 [debug] [MainThread]: Parsing macros/materializations/models/incremental/is_incremental.sql
[0m03:51:35.377523 [debug] [MainThread]: Parsing macros/materializations/models/incremental/strategies.sql
[0m03:51:35.383737 [debug] [MainThread]: Parsing macros/materializations/models/incremental/column_helpers.sql
[0m03:51:35.391039 [debug] [MainThread]: Parsing macros/materializations/models/view/view.sql
[0m03:51:35.395814 [debug] [MainThread]: Parsing macros/materializations/models/view/create_or_replace_view.sql
[0m03:51:35.398795 [debug] [MainThread]: Parsing macros/materializations/models/view/create_view_as.sql
[0m03:51:35.400921 [debug] [MainThread]: Parsing macros/materializations/models/view/helpers.sql
[0m03:51:35.402134 [debug] [MainThread]: Parsing macros/materializations/seeds/seed.sql
[0m03:51:35.408312 [debug] [MainThread]: Parsing macros/materializations/seeds/helpers.sql
[0m03:51:35.424313 [debug] [MainThread]: Parsing macros/materializations/tests/test.sql
[0m03:51:35.428311 [debug] [MainThread]: Parsing macros/materializations/tests/helpers.sql
[0m03:51:35.429904 [debug] [MainThread]: Parsing macros/materializations/tests/where_subquery.sql
[0m03:51:35.431558 [debug] [MainThread]: Parsing tests/generic/builtin.sql
[0m03:51:35.696408 [debug] [MainThread]: 1699: static parser successfully parsed marts/f1/dim_drivers.sql
[0m03:51:35.707498 [debug] [MainThread]: 1699: static parser successfully parsed marts/f1/dim_circuits.sql
[0m03:51:35.710321 [debug] [MainThread]: 1699: static parser successfully parsed marts/f1/dim_constructors.sql
[0m03:51:35.713158 [debug] [MainThread]: 1699: static parser successfully parsed staging/kaggle/stg_kaggle__constructors.sql
[0m03:51:35.716184 [debug] [MainThread]: 1699: static parser successfully parsed staging/kaggle/stg_kaggle__circuits.sql
[0m03:51:35.718968 [debug] [MainThread]: 1699: static parser successfully parsed staging/kaggle/stg_kaggle__drivers.sql
[0m03:51:35.781552 [debug] [MainThread]: Sending event: {'category': 'dbt', 'action': 'invocation', 'label': 'end', 'context': [<snowplow_tracker.self_describing_json.SelfDescribingJson object at 0x7f7264297e80>, <snowplow_tracker.self_describing_json.SelfDescribingJson object at 0x7f726429ee00>, <snowplow_tracker.self_describing_json.SelfDescribingJson object at 0x7f726432d240>]}
[0m03:51:35.781833 [debug] [MainThread]: Flushing usage events
[0m03:51:35.938659 [error] [MainThread]: Encountered an error:
Parsing Error
  Invalid sources config given in models/staging/kaggle/src_kaggle.yml @ sources: {'name': 'kaggle', 'database': 'chris-analytics-testing', 'schema': 'monaco_gp', 'tables': ['raw_circuits', 'raw_constructor_results', 'raw_constructor_standings', 'raw_constructors', 'raw_driver_standings', 'raw_drivers', 'raw_lap_times', 'raw_pit_stops', 'raw_qualifying', 'raw_races', 'raw_results', 'raw_seasons', 'raw_sprint_results', 'raw_status']} - at path ['tables'][0]: 'raw_circuits' is not of type 'object'


============================== 2023-02-06 03:53:17.825417 | f3176260-7359-4eda-bdcd-9ceb92018629 ==============================
[0m03:53:17.825427 [info ] [MainThread]: Running with dbt=1.3.1
[0m03:53:17.825762 [debug] [MainThread]: running dbt with arguments {'write_json': True, 'use_colors': True, 'printer_width': 80, 'version_check': True, 'partial_parse': True, 'static_parser': True, 'profiles_dir': '/home/chris/.dbt', 'send_anonymous_usage_stats': True, 'event_buffer_size': 100000, 'quiet': False, 'no_print': False, 'which': 'run', 'rpc_method': 'run', 'indirect_selection': 'eager'}
[0m03:53:17.825904 [debug] [MainThread]: Tracking: tracking
[0m03:53:17.826848 [debug] [MainThread]: Sending event: {'category': 'dbt', 'action': 'invocation', 'label': 'start', 'context': [<snowplow_tracker.self_describing_json.SelfDescribingJson object at 0x7f1d732133a0>, <snowplow_tracker.self_describing_json.SelfDescribingJson object at 0x7f1d73211090>, <snowplow_tracker.self_describing_json.SelfDescribingJson object at 0x7f1d732120e0>]}
[0m03:53:17.835455 [info ] [MainThread]: Partial parse save file not found. Starting full parse.
[0m03:53:17.835726 [debug] [MainThread]: Sending event: {'category': 'dbt', 'action': 'partial_parser', 'label': 'f3176260-7359-4eda-bdcd-9ceb92018629', 'context': [<snowplow_tracker.self_describing_json.SelfDescribingJson object at 0x7f1d7322d480>]}
[0m03:53:17.849058 [debug] [MainThread]: Parsing macros/etc.sql
[0m03:53:17.851201 [debug] [MainThread]: Parsing macros/adapters.sql
[0m03:53:17.870184 [debug] [MainThread]: Parsing macros/catalog.sql
[0m03:53:17.875177 [debug] [MainThread]: Parsing macros/utils/timestamps.sql
[0m03:53:17.876259 [debug] [MainThread]: Parsing macros/utils/array_append.sql
[0m03:53:17.876847 [debug] [MainThread]: Parsing macros/utils/escape_single_quotes.sql
[0m03:53:17.877393 [debug] [MainThread]: Parsing macros/utils/dateadd.sql
[0m03:53:17.878005 [debug] [MainThread]: Parsing macros/utils/position.sql
[0m03:53:17.878541 [debug] [MainThread]: Parsing macros/utils/listagg.sql
[0m03:53:17.879462 [debug] [MainThread]: Parsing macros/utils/array_concat.sql
[0m03:53:17.879988 [debug] [MainThread]: Parsing macros/utils/split_part.sql
[0m03:53:17.881743 [debug] [MainThread]: Parsing macros/utils/bool_or.sql
[0m03:53:17.882206 [debug] [MainThread]: Parsing macros/utils/safe_cast.sql
[0m03:53:17.882713 [debug] [MainThread]: Parsing macros/utils/datediff.sql
[0m03:53:17.883829 [debug] [MainThread]: Parsing macros/utils/hash.sql
[0m03:53:17.884343 [debug] [MainThread]: Parsing macros/utils/date_trunc.sql
[0m03:53:17.884870 [debug] [MainThread]: Parsing macros/utils/right.sql
[0m03:53:17.885479 [debug] [MainThread]: Parsing macros/utils/intersect.sql
[0m03:53:17.885881 [debug] [MainThread]: Parsing macros/utils/array_construct.sql
[0m03:53:17.886723 [debug] [MainThread]: Parsing macros/utils/except.sql
[0m03:53:17.887127 [debug] [MainThread]: Parsing macros/adapters/apply_grants.sql
[0m03:53:17.889758 [debug] [MainThread]: Parsing macros/materializations/view.sql
[0m03:53:17.892309 [debug] [MainThread]: Parsing macros/materializations/incremental.sql
[0m03:53:17.908163 [debug] [MainThread]: Parsing macros/materializations/table.sql
[0m03:53:17.914557 [debug] [MainThread]: Parsing macros/materializations/seed.sql
[0m03:53:17.916778 [debug] [MainThread]: Parsing macros/materializations/copy.sql
[0m03:53:17.919172 [debug] [MainThread]: Parsing macros/materializations/snapshot.sql
[0m03:53:17.920675 [debug] [MainThread]: Parsing macros/python_model/python.sql
[0m03:53:17.925999 [debug] [MainThread]: Parsing macros/generic_test_sql/unique.sql
[0m03:53:17.926661 [debug] [MainThread]: Parsing macros/generic_test_sql/accepted_values.sql
[0m03:53:17.927887 [debug] [MainThread]: Parsing macros/generic_test_sql/relationships.sql
[0m03:53:17.928685 [debug] [MainThread]: Parsing macros/generic_test_sql/not_null.sql
[0m03:53:17.929439 [debug] [MainThread]: Parsing macros/etc/datetime.sql
[0m03:53:17.936787 [debug] [MainThread]: Parsing macros/etc/statement.sql
[0m03:53:17.941427 [debug] [MainThread]: Parsing macros/get_custom_name/get_custom_alias.sql
[0m03:53:17.942772 [debug] [MainThread]: Parsing macros/get_custom_name/get_custom_schema.sql
[0m03:53:17.944989 [debug] [MainThread]: Parsing macros/get_custom_name/get_custom_database.sql
[0m03:53:17.946417 [debug] [MainThread]: Parsing macros/utils/array_append.sql
[0m03:53:17.947421 [debug] [MainThread]: Parsing macros/utils/escape_single_quotes.sql
[0m03:53:17.948424 [debug] [MainThread]: Parsing macros/utils/dateadd.sql
[0m03:53:17.949590 [debug] [MainThread]: Parsing macros/utils/position.sql
[0m03:53:17.950727 [debug] [MainThread]: Parsing macros/utils/listagg.sql
[0m03:53:17.952794 [debug] [MainThread]: Parsing macros/utils/literal.sql
[0m03:53:17.953688 [debug] [MainThread]: Parsing macros/utils/cast_bool_to_text.sql
[0m03:53:17.954693 [debug] [MainThread]: Parsing macros/utils/any_value.sql
[0m03:53:17.955584 [debug] [MainThread]: Parsing macros/utils/array_concat.sql
[0m03:53:17.956607 [debug] [MainThread]: Parsing macros/utils/split_part.sql
[0m03:53:17.958476 [debug] [MainThread]: Parsing macros/utils/length.sql
[0m03:53:17.959393 [debug] [MainThread]: Parsing macros/utils/replace.sql
[0m03:53:17.960562 [debug] [MainThread]: Parsing macros/utils/concat.sql
[0m03:53:17.961611 [debug] [MainThread]: Parsing macros/utils/bool_or.sql
[0m03:53:17.962510 [debug] [MainThread]: Parsing macros/utils/safe_cast.sql
[0m03:53:17.963553 [debug] [MainThread]: Parsing macros/utils/data_types.sql
[0m03:53:17.969757 [debug] [MainThread]: Parsing macros/utils/last_day.sql
[0m03:53:17.971550 [debug] [MainThread]: Parsing macros/utils/datediff.sql
[0m03:53:17.972719 [debug] [MainThread]: Parsing macros/utils/hash.sql
[0m03:53:17.973737 [debug] [MainThread]: Parsing macros/utils/date_trunc.sql
[0m03:53:17.974732 [debug] [MainThread]: Parsing macros/utils/right.sql
[0m03:53:17.975770 [debug] [MainThread]: Parsing macros/utils/intersect.sql
[0m03:53:17.976580 [debug] [MainThread]: Parsing macros/utils/array_construct.sql
[0m03:53:17.978001 [debug] [MainThread]: Parsing macros/utils/except.sql
[0m03:53:17.978798 [debug] [MainThread]: Parsing macros/adapters/timestamps.sql
[0m03:53:17.982020 [debug] [MainThread]: Parsing macros/adapters/indexes.sql
[0m03:53:17.984494 [debug] [MainThread]: Parsing macros/adapters/schema.sql
[0m03:53:17.986485 [debug] [MainThread]: Parsing macros/adapters/apply_grants.sql
[0m03:53:17.998839 [debug] [MainThread]: Parsing macros/adapters/relation.sql
[0m03:53:18.011968 [debug] [MainThread]: Parsing macros/adapters/freshness.sql
[0m03:53:18.013827 [debug] [MainThread]: Parsing macros/adapters/columns.sql
[0m03:53:18.022346 [debug] [MainThread]: Parsing macros/adapters/metadata.sql
[0m03:53:18.028893 [debug] [MainThread]: Parsing macros/adapters/persist_docs.sql
[0m03:53:18.032855 [debug] [MainThread]: Parsing macros/materializations/hooks.sql
[0m03:53:18.036320 [debug] [MainThread]: Parsing macros/materializations/configs.sql
[0m03:53:18.038552 [debug] [MainThread]: Parsing macros/materializations/snapshots/helpers.sql
[0m03:53:18.049649 [debug] [MainThread]: Parsing macros/materializations/snapshots/strategies.sql
[0m03:53:18.064017 [debug] [MainThread]: Parsing macros/materializations/snapshots/snapshot_merge.sql
[0m03:53:18.065502 [debug] [MainThread]: Parsing macros/materializations/snapshots/snapshot.sql
[0m03:53:18.075633 [debug] [MainThread]: Parsing macros/materializations/models/table/table.sql
[0m03:53:18.080436 [debug] [MainThread]: Parsing macros/materializations/models/table/create_table_as.sql
[0m03:53:18.083596 [debug] [MainThread]: Parsing macros/materializations/models/incremental/merge.sql
[0m03:53:18.096658 [debug] [MainThread]: Parsing macros/materializations/models/incremental/incremental.sql
[0m03:53:18.105861 [debug] [MainThread]: Parsing macros/materializations/models/incremental/on_schema_change.sql
[0m03:53:18.120229 [debug] [MainThread]: Parsing macros/materializations/models/incremental/is_incremental.sql
[0m03:53:18.121576 [debug] [MainThread]: Parsing macros/materializations/models/incremental/strategies.sql
[0m03:53:18.127802 [debug] [MainThread]: Parsing macros/materializations/models/incremental/column_helpers.sql
[0m03:53:18.135079 [debug] [MainThread]: Parsing macros/materializations/models/view/view.sql
[0m03:53:18.139808 [debug] [MainThread]: Parsing macros/materializations/models/view/create_or_replace_view.sql
[0m03:53:18.142777 [debug] [MainThread]: Parsing macros/materializations/models/view/create_view_as.sql
[0m03:53:18.144914 [debug] [MainThread]: Parsing macros/materializations/models/view/helpers.sql
[0m03:53:18.146112 [debug] [MainThread]: Parsing macros/materializations/seeds/seed.sql
[0m03:53:18.152243 [debug] [MainThread]: Parsing macros/materializations/seeds/helpers.sql
[0m03:53:18.168059 [debug] [MainThread]: Parsing macros/materializations/tests/test.sql
[0m03:53:18.172052 [debug] [MainThread]: Parsing macros/materializations/tests/helpers.sql
[0m03:53:18.173637 [debug] [MainThread]: Parsing macros/materializations/tests/where_subquery.sql
[0m03:53:18.175281 [debug] [MainThread]: Parsing tests/generic/builtin.sql
[0m03:53:18.418837 [debug] [MainThread]: 1699: static parser successfully parsed marts/f1/dim_drivers.sql
[0m03:53:18.429896 [debug] [MainThread]: 1699: static parser successfully parsed marts/f1/dim_circuits.sql
[0m03:53:18.432698 [debug] [MainThread]: 1699: static parser successfully parsed marts/f1/dim_constructors.sql
[0m03:53:18.435499 [debug] [MainThread]: 1699: static parser successfully parsed staging/kaggle/stg_kaggle__constructors.sql
[0m03:53:18.438503 [debug] [MainThread]: 1699: static parser successfully parsed staging/kaggle/stg_kaggle__circuits.sql
[0m03:53:18.441273 [debug] [MainThread]: 1699: static parser successfully parsed staging/kaggle/stg_kaggle__drivers.sql
[0m03:53:18.524307 [warn ] [MainThread]: [[33mWARNING[0m]: Configuration paths exist in your dbt_project.yml file which do not apply to any resources.
There are 1 unused configuration paths:
- models.formula_1.intermediate

[0m03:53:18.528900 [debug] [MainThread]: Sending event: {'category': 'dbt', 'action': 'load_project', 'label': 'f3176260-7359-4eda-bdcd-9ceb92018629', 'context': [<snowplow_tracker.self_describing_json.SelfDescribingJson object at 0x7f1d72fe5900>]}
[0m03:53:18.534750 [debug] [MainThread]: Sending event: {'category': 'dbt', 'action': 'resource_counts', 'label': 'f3176260-7359-4eda-bdcd-9ceb92018629', 'context': [<snowplow_tracker.self_describing_json.SelfDescribingJson object at 0x7f1d72fe7ee0>]}
[0m03:53:18.535002 [info ] [MainThread]: Found 6 models, 0 tests, 0 snapshots, 0 analyses, 319 macros, 0 operations, 0 seed files, 14 sources, 0 exposures, 0 metrics
[0m03:53:18.535260 [debug] [MainThread]: Sending event: {'category': 'dbt', 'action': 'runnable_timing', 'label': 'f3176260-7359-4eda-bdcd-9ceb92018629', 'context': [<snowplow_tracker.self_describing_json.SelfDescribingJson object at 0x7f1d73174fa0>]}
[0m03:53:18.536450 [info ] [MainThread]: 
[0m03:53:18.536981 [debug] [MainThread]: Acquiring new bigquery connection "master"
[0m03:53:18.537907 [debug] [ThreadPool]: Acquiring new bigquery connection "list_chris-analytics-testing"
[0m03:53:18.538081 [debug] [ThreadPool]: Opening a new connection, currently in state init
[0m03:53:19.066322 [debug] [ThreadPool]: Acquiring new bigquery connection "list_chris-analytics-testing_dbt_formula_1"
[0m03:53:19.067277 [debug] [ThreadPool]: Opening a new connection, currently in state closed
[0m03:53:19.315542 [debug] [MainThread]: Sending event: {'category': 'dbt', 'action': 'runnable_timing', 'label': 'f3176260-7359-4eda-bdcd-9ceb92018629', 'context': [<snowplow_tracker.self_describing_json.SelfDescribingJson object at 0x7f1d730f56f0>]}
[0m03:53:19.317532 [info ] [MainThread]: Concurrency: 4 threads (target='dev')
[0m03:53:19.318580 [info ] [MainThread]: 
[0m03:53:19.323798 [debug] [Thread-1 (]: Began running node model.formula_1.stg_kaggle__circuits
[0m03:53:19.324082 [debug] [Thread-2 (]: Began running node model.formula_1.stg_kaggle__constructors
[0m03:53:19.324434 [info ] [Thread-1 (]: 1 of 5 START sql view model dbt_formula_1.stg_kaggle__circuits ................. [RUN]
[0m03:53:19.324722 [debug] [Thread-3 (]: Began running node model.formula_1.stg_kaggle__drivers
[0m03:53:19.325140 [info ] [Thread-2 (]: 2 of 5 START sql view model dbt_formula_1.stg_kaggle__constructors ............. [RUN]
[0m03:53:19.326027 [debug] [Thread-1 (]: Acquiring new bigquery connection "model.formula_1.stg_kaggle__circuits"
[0m03:53:19.326437 [info ] [Thread-3 (]: 3 of 5 START sql view model dbt_formula_1.stg_kaggle__drivers .................. [RUN]
[0m03:53:19.327533 [debug] [Thread-2 (]: Acquiring new bigquery connection "model.formula_1.stg_kaggle__constructors"
[0m03:53:19.327848 [debug] [Thread-1 (]: Began compiling node model.formula_1.stg_kaggle__circuits
[0m03:53:19.328774 [debug] [Thread-3 (]: Acquiring new bigquery connection "model.formula_1.stg_kaggle__drivers"
[0m03:53:19.329083 [debug] [Thread-2 (]: Began compiling node model.formula_1.stg_kaggle__constructors
[0m03:53:19.329403 [debug] [Thread-1 (]: Compiling model.formula_1.stg_kaggle__circuits
[0m03:53:19.329706 [debug] [Thread-3 (]: Began compiling node model.formula_1.stg_kaggle__drivers
[0m03:53:19.330046 [debug] [Thread-2 (]: Compiling model.formula_1.stg_kaggle__constructors
[0m03:53:19.334242 [debug] [Thread-1 (]: Writing injected SQL for node "model.formula_1.stg_kaggle__circuits"
[0m03:53:19.334588 [debug] [Thread-3 (]: Compiling model.formula_1.stg_kaggle__drivers
[0m03:53:19.338544 [debug] [Thread-2 (]: Writing injected SQL for node "model.formula_1.stg_kaggle__constructors"
[0m03:53:19.342737 [debug] [Thread-3 (]: Writing injected SQL for node "model.formula_1.stg_kaggle__drivers"
[0m03:53:19.343561 [debug] [Thread-1 (]: finished collecting timing info
[0m03:53:19.343997 [debug] [Thread-1 (]: Began executing node model.formula_1.stg_kaggle__circuits
[0m03:53:19.344291 [debug] [Thread-2 (]: finished collecting timing info
[0m03:53:19.344578 [debug] [Thread-3 (]: finished collecting timing info
[0m03:53:19.349604 [debug] [Thread-2 (]: Began executing node model.formula_1.stg_kaggle__constructors
[0m03:53:19.370098 [debug] [Thread-3 (]: Began executing node model.formula_1.stg_kaggle__drivers
[0m03:53:19.386051 [debug] [Thread-1 (]: Writing runtime sql for node "model.formula_1.stg_kaggle__circuits"
[0m03:53:19.388800 [debug] [Thread-2 (]: Writing runtime sql for node "model.formula_1.stg_kaggle__constructors"
[0m03:53:19.391578 [debug] [Thread-3 (]: Writing runtime sql for node "model.formula_1.stg_kaggle__drivers"
[0m03:53:19.392541 [debug] [Thread-2 (]: Opening a new connection, currently in state init
[0m03:53:19.392779 [debug] [Thread-2 (]: On model.formula_1.stg_kaggle__constructors: /* {"app": "dbt", "dbt_version": "1.3.1", "profile_name": "formula_1", "target_name": "dev", "node_id": "model.formula_1.stg_kaggle__constructors"} */


  create or replace view `chris-analytics-testing`.`dbt_formula_1`.`stg_kaggle__constructors`
  OPTIONS()
  as with

source as (

    select *
    from `chris-analytics-testing`.`monaco_gp`.`raw_constructors`
    
),

renamed as (

    select
        safe_cast(constructorId as int) as constructor_id,
        safe_cast(constructorRef as string) as constructor_slug,
        safe_cast(name as string) as constructor_name,
        safe_cast(nationality as string) as constructor_nationality,
        safe_cast(url as string) as constructor_url
    from
        sources

)

select *
from renamed;


[0m03:53:19.392991 [debug] [Thread-1 (]: Opening a new connection, currently in state closed
[0m03:53:19.394632 [debug] [Thread-1 (]: On model.formula_1.stg_kaggle__circuits: /* {"app": "dbt", "dbt_version": "1.3.1", "profile_name": "formula_1", "target_name": "dev", "node_id": "model.formula_1.stg_kaggle__circuits"} */


  create or replace view `chris-analytics-testing`.`dbt_formula_1`.`stg_kaggle__circuits`
  OPTIONS()
  as with

source as (

    select *
    from `chris-analytics-testing`.`monaco_gp`.`raw_circuits`
    
),

renamed as (

    select
        safe_cast(circuitId as int) as circuit_id,
        safe_cast(circuitRef as string) as circuit_slug,
        safe_cast(name as string) as circuit_name,
        safe_cast(location as string) as circuit_location_name,
        safe_cast(country as string) as circuit_country_name,
        safe_cast(lat as numeric) as circuit_latitude,
        safe_cast(lng as numeric) as circuit_longitude,
        safe_cast(alt as string) as circuit_altitude,
        safe_cast(url as string) as circuit_url
    from
        sources

)

select *
from renamed;


[0m03:53:19.396106 [debug] [Thread-3 (]: Opening a new connection, currently in state init
[0m03:53:19.396370 [debug] [Thread-3 (]: On model.formula_1.stg_kaggle__drivers: /* {"app": "dbt", "dbt_version": "1.3.1", "profile_name": "formula_1", "target_name": "dev", "node_id": "model.formula_1.stg_kaggle__drivers"} */


  create or replace view `chris-analytics-testing`.`dbt_formula_1`.`stg_kaggle__drivers`
  OPTIONS()
  as with

source as (

    select *
    from `chris-analytics-testing`.`monaco_gp`.`raw_drivers`
    
),

renamed as (

    select
        safe_cast(driverId as int) as driver_id,
        safe_cast(driverRef as string) as driver_slug,
        safe_cast(number as int) as driver_number,
        case
            when safe_cast(code as string) != '\N'
            then safe_cast(code as string) 
        end as driver_code,

        safe_cast(forename as string) as first_name,
        safe_cast(surname as string) as last_name,
        safe_cast(dob as date) as date_of_birth,
        safe_cast(nationality as string) as nationality,
        safe_cast(url as string) as driver_url
    from
        sources

)

select *
from renamed;


[0m03:53:19.610442 [debug] [Thread-3 (]: BigQuery adapter: Retry attempt 1 of 1 after error: BadRequest('Syntax error: Illegal escape sequence: \\N at [22:48]')
[0m03:53:19.621921 [debug] [Thread-2 (]: BigQuery adapter: Retry attempt 1 of 1 after error: BadRequest('Table "sources" must be qualified with a dataset (e.g. dataset.table).')
[0m03:53:19.629644 [debug] [Thread-1 (]: BigQuery adapter: Retry attempt 1 of 1 after error: BadRequest('Table "sources" must be qualified with a dataset (e.g. dataset.table).')
[0m03:53:19.855703 [error] [Thread-3 (]: BigQuery adapter: https://console.cloud.google.com/bigquery?project=chris-analytics-testing&j=bq:US:51b14de7-4d37-46fc-be6f-40724e1c5557&page=queryresults
[0m03:53:19.857362 [debug] [Thread-3 (]: finished collecting timing info
[0m03:53:19.858910 [debug] [Thread-3 (]: Database Error in model stg_kaggle__drivers (models/staging/kaggle/stg_kaggle__drivers.sql)
  Syntax error: Illegal escape sequence: \N at [22:48]
  compiled Code at target/run/formula_1/models/staging/kaggle/stg_kaggle__drivers.sql
[0m03:53:19.859216 [debug] [Thread-3 (]: Sending event: {'category': 'dbt', 'action': 'run_model', 'label': 'f3176260-7359-4eda-bdcd-9ceb92018629', 'context': [<snowplow_tracker.self_describing_json.SelfDescribingJson object at 0x7f1d72f91f90>]}
[0m03:53:19.859625 [error] [Thread-3 (]: 3 of 5 ERROR creating sql view model dbt_formula_1.stg_kaggle__drivers ......... [[31mERROR[0m in 0.53s]
[0m03:53:19.860130 [debug] [Thread-3 (]: Finished running node model.formula_1.stg_kaggle__drivers
[0m03:53:20.051883 [error] [Thread-2 (]: BigQuery adapter: https://console.cloud.google.com/bigquery?project=chris-analytics-testing&j=bq:US:8f4503de-e033-4e23-ae14-476793804aa6&page=queryresults
[0m03:53:20.053472 [debug] [Thread-2 (]: finished collecting timing info
[0m03:53:20.054982 [debug] [Thread-2 (]: Database Error in model stg_kaggle__constructors (models/staging/kaggle/stg_kaggle__constructors.sql)
  Table "sources" must be qualified with a dataset (e.g. dataset.table).
  compiled Code at target/run/formula_1/models/staging/kaggle/stg_kaggle__constructors.sql
[0m03:53:20.055276 [debug] [Thread-2 (]: Sending event: {'category': 'dbt', 'action': 'run_model', 'label': 'f3176260-7359-4eda-bdcd-9ceb92018629', 'context': [<snowplow_tracker.self_describing_json.SelfDescribingJson object at 0x7f1d73165000>]}
[0m03:53:20.055675 [error] [Thread-2 (]: 2 of 5 ERROR creating sql view model dbt_formula_1.stg_kaggle__constructors .... [[31mERROR[0m in 0.73s]
[0m03:53:20.056166 [debug] [Thread-2 (]: Finished running node model.formula_1.stg_kaggle__constructors
[0m03:53:20.056755 [debug] [Thread-4 (]: Began running node model.formula_1.dim_drivers
[0m03:53:20.057000 [info ] [Thread-4 (]: 4 of 5 SKIP relation dbt_formula_1.dim_drivers ................................. [[33mSKIP[0m]
[0m03:53:20.057452 [debug] [Thread-4 (]: Finished running node model.formula_1.dim_drivers
[0m03:53:20.237526 [error] [Thread-1 (]: BigQuery adapter: https://console.cloud.google.com/bigquery?project=chris-analytics-testing&j=bq:US:2190a76f-ca4e-41b0-8e78-5f268bdee39e&page=queryresults
[0m03:53:20.239096 [debug] [Thread-1 (]: finished collecting timing info
[0m03:53:20.240785 [debug] [Thread-1 (]: Database Error in model stg_kaggle__circuits (models/staging/kaggle/stg_kaggle__circuits.sql)
  Table "sources" must be qualified with a dataset (e.g. dataset.table).
  compiled Code at target/run/formula_1/models/staging/kaggle/stg_kaggle__circuits.sql
[0m03:53:20.241073 [debug] [Thread-1 (]: Sending event: {'category': 'dbt', 'action': 'run_model', 'label': 'f3176260-7359-4eda-bdcd-9ceb92018629', 'context': [<snowplow_tracker.self_describing_json.SelfDescribingJson object at 0x7f1d7322fcd0>]}
[0m03:53:20.241464 [error] [Thread-1 (]: 1 of 5 ERROR creating sql view model dbt_formula_1.stg_kaggle__circuits ........ [[31mERROR[0m in 0.92s]
[0m03:53:20.241934 [debug] [Thread-1 (]: Finished running node model.formula_1.stg_kaggle__circuits
[0m03:53:20.242707 [debug] [Thread-2 (]: Began running node model.formula_1.dim_circuits
[0m03:53:20.242947 [info ] [Thread-2 (]: 5 of 5 SKIP relation dbt_formula_1.dim_circuits ................................ [[33mSKIP[0m]
[0m03:53:20.243454 [debug] [Thread-2 (]: Finished running node model.formula_1.dim_circuits
[0m03:53:20.244910 [debug] [MainThread]: Acquiring new bigquery connection "master"
[0m03:53:20.245585 [info ] [MainThread]: 
[0m03:53:20.245983 [info ] [MainThread]: Finished running 3 view models, 2 table models in 0 hours 0 minutes and 1.71 seconds (1.71s).
[0m03:53:20.246363 [debug] [MainThread]: Connection 'master' was properly closed.
[0m03:53:20.246563 [debug] [MainThread]: Connection 'model.formula_1.stg_kaggle__circuits' was properly closed.
[0m03:53:20.246753 [debug] [MainThread]: Connection 'model.formula_1.stg_kaggle__constructors' was properly closed.
[0m03:53:20.246940 [debug] [MainThread]: Connection 'model.formula_1.stg_kaggle__drivers' was properly closed.
[0m03:53:20.254350 [info ] [MainThread]: 
[0m03:53:20.254656 [info ] [MainThread]: [31mCompleted with 3 errors and 0 warnings:[0m
[0m03:53:20.254978 [info ] [MainThread]: 
[0m03:53:20.255243 [error] [MainThread]: [33mDatabase Error in model stg_kaggle__drivers (models/staging/kaggle/stg_kaggle__drivers.sql)[0m
[0m03:53:20.255504 [error] [MainThread]:   Syntax error: Illegal escape sequence: \N at [22:48]
[0m03:53:20.255755 [error] [MainThread]:   compiled Code at target/run/formula_1/models/staging/kaggle/stg_kaggle__drivers.sql
[0m03:53:20.256020 [info ] [MainThread]: 
[0m03:53:20.256279 [error] [MainThread]: [33mDatabase Error in model stg_kaggle__constructors (models/staging/kaggle/stg_kaggle__constructors.sql)[0m
[0m03:53:20.256536 [error] [MainThread]:   Table "sources" must be qualified with a dataset (e.g. dataset.table).
[0m03:53:20.256786 [error] [MainThread]:   compiled Code at target/run/formula_1/models/staging/kaggle/stg_kaggle__constructors.sql
[0m03:53:20.257057 [info ] [MainThread]: 
[0m03:53:20.257315 [error] [MainThread]: [33mDatabase Error in model stg_kaggle__circuits (models/staging/kaggle/stg_kaggle__circuits.sql)[0m
[0m03:53:20.257569 [error] [MainThread]:   Table "sources" must be qualified with a dataset (e.g. dataset.table).
[0m03:53:20.257816 [error] [MainThread]:   compiled Code at target/run/formula_1/models/staging/kaggle/stg_kaggle__circuits.sql
[0m03:53:20.258076 [info ] [MainThread]: 
[0m03:53:20.258332 [info ] [MainThread]: Done. PASS=0 WARN=0 ERROR=3 SKIP=2 TOTAL=5
[0m03:53:20.258655 [debug] [MainThread]: Sending event: {'category': 'dbt', 'action': 'invocation', 'label': 'end', 'context': [<snowplow_tracker.self_describing_json.SelfDescribingJson object at 0x7f1d7300cf40>, <snowplow_tracker.self_describing_json.SelfDescribingJson object at 0x7f1d73149600>, <snowplow_tracker.self_describing_json.SelfDescribingJson object at 0x7f1d72f93730>]}
[0m03:53:20.258884 [debug] [MainThread]: Flushing usage events


============================== 2023-02-06 03:55:01.721396 | a751d457-a4f6-403c-ab45-e1faf220ad6b ==============================
[0m03:55:01.721406 [info ] [MainThread]: Running with dbt=1.3.1
[0m03:55:01.721745 [debug] [MainThread]: running dbt with arguments {'write_json': True, 'use_colors': True, 'printer_width': 80, 'version_check': True, 'partial_parse': True, 'static_parser': True, 'profiles_dir': '/home/chris/.dbt', 'send_anonymous_usage_stats': True, 'event_buffer_size': 100000, 'quiet': False, 'no_print': False, 'which': 'run', 'rpc_method': 'run', 'indirect_selection': 'eager'}
[0m03:55:01.721897 [debug] [MainThread]: Tracking: tracking
[0m03:55:01.722881 [debug] [MainThread]: Sending event: {'category': 'dbt', 'action': 'invocation', 'label': 'start', 'context': [<snowplow_tracker.self_describing_json.SelfDescribingJson object at 0x7fd9f7d339a0>, <snowplow_tracker.self_describing_json.SelfDescribingJson object at 0x7fd9f7d32590>, <snowplow_tracker.self_describing_json.SelfDescribingJson object at 0x7fd9f7d33370>]}
[0m03:55:01.764697 [debug] [MainThread]: Partial parsing enabled: 0 files deleted, 0 files added, 3 files changed.
[0m03:55:01.765076 [debug] [MainThread]: Partial parsing: updated file: formula_1://models/staging/kaggle/stg_kaggle__drivers.sql
[0m03:55:01.765326 [debug] [MainThread]: Partial parsing: updated file: formula_1://models/staging/kaggle/stg_kaggle__constructors.sql
[0m03:55:01.765560 [debug] [MainThread]: Partial parsing: updated file: formula_1://models/staging/kaggle/stg_kaggle__circuits.sql
[0m03:55:01.777949 [debug] [MainThread]: 1699: static parser successfully parsed staging/kaggle/stg_kaggle__drivers.sql
[0m03:55:01.789618 [debug] [MainThread]: 1699: static parser successfully parsed staging/kaggle/stg_kaggle__constructors.sql
[0m03:55:01.792723 [debug] [MainThread]: 1699: static parser successfully parsed staging/kaggle/stg_kaggle__circuits.sql
[0m03:55:01.806139 [warn ] [MainThread]: [[33mWARNING[0m]: Configuration paths exist in your dbt_project.yml file which do not apply to any resources.
There are 1 unused configuration paths:
- models.formula_1.intermediate

[0m03:55:01.811032 [debug] [MainThread]: Sending event: {'category': 'dbt', 'action': 'load_project', 'label': 'a751d457-a4f6-403c-ab45-e1faf220ad6b', 'context': [<snowplow_tracker.self_describing_json.SelfDescribingJson object at 0x7fd9f599c0d0>]}
[0m03:55:01.817078 [debug] [MainThread]: Sending event: {'category': 'dbt', 'action': 'resource_counts', 'label': 'a751d457-a4f6-403c-ab45-e1faf220ad6b', 'context': [<snowplow_tracker.self_describing_json.SelfDescribingJson object at 0x7fd9f7adb250>]}
[0m03:55:01.817324 [info ] [MainThread]: Found 6 models, 0 tests, 0 snapshots, 0 analyses, 319 macros, 0 operations, 0 seed files, 14 sources, 0 exposures, 0 metrics
[0m03:55:01.817577 [debug] [MainThread]: Sending event: {'category': 'dbt', 'action': 'runnable_timing', 'label': 'a751d457-a4f6-403c-ab45-e1faf220ad6b', 'context': [<snowplow_tracker.self_describing_json.SelfDescribingJson object at 0x7fd9f7d49900>]}
[0m03:55:01.818827 [info ] [MainThread]: 
[0m03:55:01.819347 [debug] [MainThread]: Acquiring new bigquery connection "master"
[0m03:55:01.820351 [debug] [ThreadPool]: Acquiring new bigquery connection "list_chris-analytics-testing"
[0m03:55:01.820623 [debug] [ThreadPool]: Opening a new connection, currently in state init
[0m03:55:02.237894 [debug] [ThreadPool]: Acquiring new bigquery connection "list_chris-analytics-testing_dbt_formula_1"
[0m03:55:02.238895 [debug] [ThreadPool]: Opening a new connection, currently in state closed
[0m03:55:02.489170 [debug] [MainThread]: Sending event: {'category': 'dbt', 'action': 'runnable_timing', 'label': 'a751d457-a4f6-403c-ab45-e1faf220ad6b', 'context': [<snowplow_tracker.self_describing_json.SelfDescribingJson object at 0x7fd9f7b3f340>]}
[0m03:55:02.491158 [info ] [MainThread]: Concurrency: 4 threads (target='dev')
[0m03:55:02.492233 [info ] [MainThread]: 
[0m03:55:02.497309 [debug] [Thread-1 (]: Began running node model.formula_1.stg_kaggle__circuits
[0m03:55:02.497560 [debug] [Thread-2 (]: Began running node model.formula_1.stg_kaggle__constructors
[0m03:55:02.497902 [info ] [Thread-1 (]: 1 of 5 START sql view model dbt_formula_1.stg_kaggle__circuits ................. [RUN]
[0m03:55:02.498164 [debug] [Thread-3 (]: Began running node model.formula_1.stg_kaggle__drivers
[0m03:55:02.498523 [info ] [Thread-2 (]: 2 of 5 START sql view model dbt_formula_1.stg_kaggle__constructors ............. [RUN]
[0m03:55:02.499358 [debug] [Thread-1 (]: Acquiring new bigquery connection "model.formula_1.stg_kaggle__circuits"
[0m03:55:02.499756 [info ] [Thread-3 (]: 3 of 5 START sql view model dbt_formula_1.stg_kaggle__drivers .................. [RUN]
[0m03:55:02.500845 [debug] [Thread-2 (]: Acquiring new bigquery connection "model.formula_1.stg_kaggle__constructors"
[0m03:55:02.501156 [debug] [Thread-1 (]: Began compiling node model.formula_1.stg_kaggle__circuits
[0m03:55:02.502060 [debug] [Thread-3 (]: Acquiring new bigquery connection "model.formula_1.stg_kaggle__drivers"
[0m03:55:02.502358 [debug] [Thread-2 (]: Began compiling node model.formula_1.stg_kaggle__constructors
[0m03:55:02.502673 [debug] [Thread-1 (]: Compiling model.formula_1.stg_kaggle__circuits
[0m03:55:02.502978 [debug] [Thread-3 (]: Began compiling node model.formula_1.stg_kaggle__drivers
[0m03:55:02.503274 [debug] [Thread-2 (]: Compiling model.formula_1.stg_kaggle__constructors
[0m03:55:02.506994 [debug] [Thread-1 (]: Writing injected SQL for node "model.formula_1.stg_kaggle__circuits"
[0m03:55:02.507308 [debug] [Thread-3 (]: Compiling model.formula_1.stg_kaggle__drivers
[0m03:55:02.510756 [debug] [Thread-2 (]: Writing injected SQL for node "model.formula_1.stg_kaggle__constructors"
[0m03:55:02.514303 [debug] [Thread-3 (]: Writing injected SQL for node "model.formula_1.stg_kaggle__drivers"
[0m03:55:02.514662 [debug] [Thread-1 (]: finished collecting timing info
[0m03:55:02.515264 [debug] [Thread-1 (]: Began executing node model.formula_1.stg_kaggle__circuits
[0m03:55:02.520743 [debug] [Thread-2 (]: finished collecting timing info
[0m03:55:02.520928 [debug] [Thread-2 (]: Began executing node model.formula_1.stg_kaggle__constructors
[0m03:55:02.531798 [debug] [Thread-3 (]: finished collecting timing info
[0m03:55:02.532068 [debug] [Thread-3 (]: Began executing node model.formula_1.stg_kaggle__drivers
[0m03:55:02.581957 [debug] [Thread-2 (]: Writing runtime sql for node "model.formula_1.stg_kaggle__constructors"
[0m03:55:02.583637 [debug] [Thread-1 (]: Writing runtime sql for node "model.formula_1.stg_kaggle__circuits"
[0m03:55:02.585650 [debug] [Thread-3 (]: Writing runtime sql for node "model.formula_1.stg_kaggle__drivers"
[0m03:55:02.585969 [debug] [Thread-1 (]: Opening a new connection, currently in state closed
[0m03:55:02.586159 [debug] [Thread-2 (]: Opening a new connection, currently in state init
[0m03:55:02.586390 [debug] [Thread-1 (]: On model.formula_1.stg_kaggle__circuits: /* {"app": "dbt", "dbt_version": "1.3.1", "profile_name": "formula_1", "target_name": "dev", "node_id": "model.formula_1.stg_kaggle__circuits"} */


  create or replace view `chris-analytics-testing`.`dbt_formula_1`.`stg_kaggle__circuits`
  OPTIONS()
  as with

source as (

    select *
    from `chris-analytics-testing`.`monaco_gp`.`raw_circuits`
    
),

renamed as (

    select
        safe_cast(circuitId as int) as circuit_id,
        safe_cast(circuitRef as string) as circuit_slug,
        safe_cast(name as string) as circuit_name,
        safe_cast(location as string) as circuit_location_name,
        safe_cast(country as string) as circuit_country_name,
        safe_cast(lat as numeric) as circuit_latitude,
        safe_cast(lng as numeric) as circuit_longitude,
        safe_cast(alt as string) as circuit_altitude,
        safe_cast(url as string) as circuit_url
    from
        source

)

select *
from renamed;


[0m03:55:02.586540 [debug] [Thread-3 (]: Opening a new connection, currently in state init
[0m03:55:02.586767 [debug] [Thread-2 (]: On model.formula_1.stg_kaggle__constructors: /* {"app": "dbt", "dbt_version": "1.3.1", "profile_name": "formula_1", "target_name": "dev", "node_id": "model.formula_1.stg_kaggle__constructors"} */


  create or replace view `chris-analytics-testing`.`dbt_formula_1`.`stg_kaggle__constructors`
  OPTIONS()
  as with

source as (

    select *
    from `chris-analytics-testing`.`monaco_gp`.`raw_constructors`
    
),

renamed as (

    select
        safe_cast(constructorId as int) as constructor_id,
        safe_cast(constructorRef as string) as constructor_slug,
        safe_cast(name as string) as constructor_name,
        safe_cast(nationality as string) as constructor_nationality,
        safe_cast(url as string) as constructor_url
    from
        source

)

select *
from renamed;


[0m03:55:02.588346 [debug] [Thread-3 (]: On model.formula_1.stg_kaggle__drivers: /* {"app": "dbt", "dbt_version": "1.3.1", "profile_name": "formula_1", "target_name": "dev", "node_id": "model.formula_1.stg_kaggle__drivers"} */


  create or replace view `chris-analytics-testing`.`dbt_formula_1`.`stg_kaggle__drivers`
  OPTIONS()
  as with

source as (

    select *
    from `chris-analytics-testing`.`monaco_gp`.`raw_drivers`
    
),

renamed as (

    select
        safe_cast(driverId as int) as driver_id,
        safe_cast(driverRef as string) as driver_slug,
        safe_cast(number as int) as driver_number,
        case
            when safe_cast(code as string) != '\\N'
            then safe_cast(code as string) 
        end as driver_code,

        safe_cast(forename as string) as first_name,
        safe_cast(surname as string) as last_name,
        safe_cast(dob as date) as date_of_birth,
        safe_cast(nationality as string) as nationality,
        safe_cast(url as string) as driver_url
    from
        source

)

select *
from renamed;


[0m03:55:03.155418 [debug] [Thread-1 (]: BigQuery adapter: https://console.cloud.google.com/bigquery?project=chris-analytics-testing&j=bq:29d74163-c446-40cb-b472-1bf5879c7ca1:US&page=queryresults
[0m03:55:03.173118 [debug] [Thread-1 (]: finished collecting timing info
[0m03:55:03.173662 [debug] [Thread-1 (]: Sending event: {'category': 'dbt', 'action': 'run_model', 'label': 'a751d457-a4f6-403c-ab45-e1faf220ad6b', 'context': [<snowplow_tracker.self_describing_json.SelfDescribingJson object at 0x7fd9f5a62aa0>]}
[0m03:55:03.174006 [info ] [Thread-1 (]: 1 of 5 OK created sql view model dbt_formula_1.stg_kaggle__circuits ............ [[32mCREATE VIEW (0 processed)[0m in 0.67s]
[0m03:55:03.174431 [debug] [Thread-1 (]: Finished running node model.formula_1.stg_kaggle__circuits
[0m03:55:03.174910 [debug] [Thread-4 (]: Began running node model.formula_1.dim_circuits
[0m03:55:03.175163 [info ] [Thread-4 (]: 4 of 5 START sql table model dbt_formula_1.dim_circuits ........................ [RUN]
[0m03:55:03.175775 [debug] [Thread-4 (]: Acquiring new bigquery connection "model.formula_1.dim_circuits"
[0m03:55:03.175962 [debug] [Thread-4 (]: Began compiling node model.formula_1.dim_circuits
[0m03:55:03.176135 [debug] [Thread-4 (]: Compiling model.formula_1.dim_circuits
[0m03:55:03.178640 [debug] [Thread-4 (]: Writing injected SQL for node "model.formula_1.dim_circuits"
[0m03:55:03.178968 [debug] [Thread-4 (]: finished collecting timing info
[0m03:55:03.179135 [debug] [Thread-4 (]: Began executing node model.formula_1.dim_circuits
[0m03:55:03.203297 [debug] [Thread-4 (]: Writing runtime sql for node "model.formula_1.dim_circuits"
[0m03:55:03.203625 [debug] [Thread-4 (]: Opening a new connection, currently in state init
[0m03:55:03.203820 [debug] [Thread-4 (]: On model.formula_1.dim_circuits: /* {"app": "dbt", "dbt_version": "1.3.1", "profile_name": "formula_1", "target_name": "dev", "node_id": "model.formula_1.dim_circuits"} */

  
    

    create or replace table `chris-analytics-testing`.`dbt_formula_1`.`dim_circuits`
    
    
    OPTIONS()
    as (
      with

circuits as (
    
    select *
    from `chris-analytics-testing`.`dbt_formula_1`.`stg_kaggle__circuits`
    
),

final as (

    select *
    from circuits

)

select *
from final
    );
  
[0m03:55:03.246608 [debug] [Thread-3 (]: BigQuery adapter: https://console.cloud.google.com/bigquery?project=chris-analytics-testing&j=bq:84a931d9-1674-4c61-bc79-d7464aac45ea:US&page=queryresults
[0m03:55:03.248413 [debug] [Thread-3 (]: finished collecting timing info
[0m03:55:03.249097 [debug] [Thread-3 (]: Sending event: {'category': 'dbt', 'action': 'run_model', 'label': 'a751d457-a4f6-403c-ab45-e1faf220ad6b', 'context': [<snowplow_tracker.self_describing_json.SelfDescribingJson object at 0x7fd9f40ad960>]}
[0m03:55:03.249529 [info ] [Thread-3 (]: 3 of 5 OK created sql view model dbt_formula_1.stg_kaggle__drivers ............. [[32mCREATE VIEW (0 processed)[0m in 0.75s]
[0m03:55:03.250060 [debug] [Thread-3 (]: Finished running node model.formula_1.stg_kaggle__drivers
[0m03:55:03.457482 [debug] [Thread-2 (]: BigQuery adapter: https://console.cloud.google.com/bigquery?project=chris-analytics-testing&j=bq:7c60fbc0-0d87-43c1-96e2-fc51c32ac399:US&page=queryresults
[0m03:55:03.460371 [debug] [Thread-2 (]: finished collecting timing info
[0m03:55:03.461012 [debug] [Thread-2 (]: Sending event: {'category': 'dbt', 'action': 'run_model', 'label': 'a751d457-a4f6-403c-ab45-e1faf220ad6b', 'context': [<snowplow_tracker.self_describing_json.SelfDescribingJson object at 0x7fd9f5a4e920>]}
[0m03:55:03.461399 [info ] [Thread-2 (]: 2 of 5 OK created sql view model dbt_formula_1.stg_kaggle__constructors ........ [[32mCREATE VIEW (0 processed)[0m in 0.96s]
[0m03:55:03.461873 [debug] [Thread-2 (]: Finished running node model.formula_1.stg_kaggle__constructors
[0m03:55:03.462391 [debug] [Thread-1 (]: Began running node model.formula_1.dim_drivers
[0m03:55:03.462683 [info ] [Thread-1 (]: 5 of 5 START sql table model dbt_formula_1.dim_drivers ......................... [RUN]
[0m03:55:03.463341 [debug] [Thread-1 (]: Acquiring new bigquery connection "model.formula_1.dim_drivers"
[0m03:55:03.463536 [debug] [Thread-1 (]: Began compiling node model.formula_1.dim_drivers
[0m03:55:03.463719 [debug] [Thread-1 (]: Compiling model.formula_1.dim_drivers
[0m03:55:03.467113 [debug] [Thread-1 (]: Writing injected SQL for node "model.formula_1.dim_drivers"
[0m03:55:03.467413 [debug] [Thread-1 (]: finished collecting timing info
[0m03:55:03.467605 [debug] [Thread-1 (]: Began executing node model.formula_1.dim_drivers
[0m03:55:03.470389 [debug] [Thread-1 (]: Writing runtime sql for node "model.formula_1.dim_drivers"
[0m03:55:03.470675 [debug] [Thread-1 (]: Opening a new connection, currently in state closed
[0m03:55:03.470884 [debug] [Thread-1 (]: On model.formula_1.dim_drivers: /* {"app": "dbt", "dbt_version": "1.3.1", "profile_name": "formula_1", "target_name": "dev", "node_id": "model.formula_1.dim_drivers"} */

  
    

    create or replace table `chris-analytics-testing`.`dbt_formula_1`.`dim_drivers`
    
    
    OPTIONS()
    as (
      with

constructors as (
    
    select *
    from `chris-analytics-testing`.`dbt_formula_1`.`stg_kaggle__constructors`
    
),

final as (

    select *
    from constructors

)

select *
from final
    );
  
[0m03:55:05.566559 [debug] [Thread-1 (]: BigQuery adapter: https://console.cloud.google.com/bigquery?project=chris-analytics-testing&j=bq:2accdb77-e822-4124-bc56-13a33b909600:US&page=queryresults
[0m03:55:05.570046 [debug] [Thread-1 (]: finished collecting timing info
[0m03:55:05.571584 [debug] [Thread-1 (]: Sending event: {'category': 'dbt', 'action': 'run_model', 'label': 'a751d457-a4f6-403c-ab45-e1faf220ad6b', 'context': [<snowplow_tracker.self_describing_json.SelfDescribingJson object at 0x7fd9f7afb5e0>]}
[0m03:55:05.572568 [info ] [Thread-1 (]: 5 of 5 OK created sql table model dbt_formula_1.dim_drivers .................... [[32mCREATE TABLE (211.0 rows, 17.0 KB processed)[0m in 2.11s]
[0m03:55:05.573775 [debug] [Thread-1 (]: Finished running node model.formula_1.dim_drivers
[0m03:55:05.719010 [debug] [Thread-4 (]: BigQuery adapter: https://console.cloud.google.com/bigquery?project=chris-analytics-testing&j=bq:9624badc-38b5-48c7-b388-1f3601cb85fa:US&page=queryresults
[0m03:55:05.724391 [debug] [Thread-4 (]: finished collecting timing info
[0m03:55:05.726479 [debug] [Thread-4 (]: Sending event: {'category': 'dbt', 'action': 'run_model', 'label': 'a751d457-a4f6-403c-ab45-e1faf220ad6b', 'context': [<snowplow_tracker.self_describing_json.SelfDescribingJson object at 0x7fd9f5a0d330>]}
[0m03:55:05.727723 [info ] [Thread-4 (]: 4 of 5 OK created sql table model dbt_formula_1.dim_circuits ................... [[32mCREATE TABLE (76.0 rows, 9.7 KB processed)[0m in 2.55s]
[0m03:55:05.729321 [debug] [Thread-4 (]: Finished running node model.formula_1.dim_circuits
[0m03:55:05.733411 [debug] [MainThread]: Acquiring new bigquery connection "master"
[0m03:55:05.735311 [info ] [MainThread]: 
[0m03:55:05.736363 [info ] [MainThread]: Finished running 3 view models, 2 table models in 0 hours 0 minutes and 3.92 seconds (3.92s).
[0m03:55:05.737140 [debug] [MainThread]: Connection 'master' was properly closed.
[0m03:55:05.737293 [debug] [MainThread]: Connection 'model.formula_1.dim_drivers' was properly closed.
[0m03:55:05.737443 [debug] [MainThread]: Connection 'model.formula_1.stg_kaggle__constructors' was properly closed.
[0m03:55:05.737590 [debug] [MainThread]: Connection 'model.formula_1.stg_kaggle__drivers' was properly closed.
[0m03:55:05.737735 [debug] [MainThread]: Connection 'model.formula_1.dim_circuits' was properly closed.
[0m03:55:05.786803 [info ] [MainThread]: 
[0m03:55:05.787186 [info ] [MainThread]: [32mCompleted successfully[0m
[0m03:55:05.787543 [info ] [MainThread]: 
[0m03:55:05.787853 [info ] [MainThread]: Done. PASS=5 WARN=0 ERROR=0 SKIP=0 TOTAL=5
[0m03:55:05.788254 [debug] [MainThread]: Sending event: {'category': 'dbt', 'action': 'invocation', 'label': 'end', 'context': [<snowplow_tracker.self_describing_json.SelfDescribingJson object at 0x7fd9fc178970>, <snowplow_tracker.self_describing_json.SelfDescribingJson object at 0x7fd9f7cd6860>, <snowplow_tracker.self_describing_json.SelfDescribingJson object at 0x7fd9f8026080>]}
[0m03:55:05.788609 [debug] [MainThread]: Flushing usage events


============================== 2023-02-06 03:56:05.266741 | c03eb6d0-9e7a-4d1a-bc30-cc54dc372b75 ==============================
[0m03:56:05.266751 [info ] [MainThread]: Running with dbt=1.3.1
[0m03:56:05.267090 [debug] [MainThread]: running dbt with arguments {'write_json': True, 'use_colors': True, 'printer_width': 80, 'version_check': True, 'partial_parse': True, 'static_parser': True, 'profiles_dir': '/home/chris/.dbt', 'send_anonymous_usage_stats': True, 'event_buffer_size': 100000, 'quiet': False, 'no_print': False, 'which': 'run', 'rpc_method': 'run', 'indirect_selection': 'eager'}
[0m03:56:05.267233 [debug] [MainThread]: Tracking: tracking
[0m03:56:05.268201 [debug] [MainThread]: Sending event: {'category': 'dbt', 'action': 'invocation', 'label': 'start', 'context': [<snowplow_tracker.self_describing_json.SelfDescribingJson object at 0x7f2e490333a0>, <snowplow_tracker.self_describing_json.SelfDescribingJson object at 0x7f2e49031210>, <snowplow_tracker.self_describing_json.SelfDescribingJson object at 0x7f2e49030760>]}
[0m03:56:05.308243 [debug] [MainThread]: Partial parsing enabled: 0 files deleted, 0 files added, 2 files changed.
[0m03:56:05.308600 [debug] [MainThread]: Partial parsing: updated file: formula_1://models/marts/f1/dim_constructors.sql
[0m03:56:05.308840 [debug] [MainThread]: Partial parsing: updated file: formula_1://models/marts/f1/dim_drivers.sql
[0m03:56:05.321237 [debug] [MainThread]: 1699: static parser successfully parsed marts/f1/dim_constructors.sql
[0m03:56:05.332599 [debug] [MainThread]: 1699: static parser successfully parsed marts/f1/dim_drivers.sql
[0m03:56:05.345991 [warn ] [MainThread]: [[33mWARNING[0m]: Configuration paths exist in your dbt_project.yml file which do not apply to any resources.
There are 1 unused configuration paths:
- models.formula_1.intermediate

[0m03:56:05.350571 [debug] [MainThread]: Sending event: {'category': 'dbt', 'action': 'load_project', 'label': 'c03eb6d0-9e7a-4d1a-bc30-cc54dc372b75', 'context': [<snowplow_tracker.self_describing_json.SelfDescribingJson object at 0x7f2e480a80d0>]}
[0m03:56:05.356466 [debug] [MainThread]: Sending event: {'category': 'dbt', 'action': 'resource_counts', 'label': 'c03eb6d0-9e7a-4d1a-bc30-cc54dc372b75', 'context': [<snowplow_tracker.self_describing_json.SelfDescribingJson object at 0x7f2e48ddaf50>]}
[0m03:56:05.356715 [info ] [MainThread]: Found 6 models, 0 tests, 0 snapshots, 0 analyses, 319 macros, 0 operations, 0 seed files, 14 sources, 0 exposures, 0 metrics
[0m03:56:05.356969 [debug] [MainThread]: Sending event: {'category': 'dbt', 'action': 'runnable_timing', 'label': 'c03eb6d0-9e7a-4d1a-bc30-cc54dc372b75', 'context': [<snowplow_tracker.self_describing_json.SelfDescribingJson object at 0x7f2e4904bc40>]}
[0m03:56:05.358163 [info ] [MainThread]: 
[0m03:56:05.358683 [debug] [MainThread]: Acquiring new bigquery connection "master"
[0m03:56:05.359677 [debug] [ThreadPool]: Acquiring new bigquery connection "list_chris-analytics-testing"
[0m03:56:05.359902 [debug] [ThreadPool]: Opening a new connection, currently in state init
[0m03:56:05.741340 [debug] [ThreadPool]: Acquiring new bigquery connection "list_chris-analytics-testing_dbt_formula_1"
[0m03:56:05.742012 [debug] [ThreadPool]: Opening a new connection, currently in state closed
[0m03:56:05.964147 [debug] [MainThread]: Sending event: {'category': 'dbt', 'action': 'runnable_timing', 'label': 'c03eb6d0-9e7a-4d1a-bc30-cc54dc372b75', 'context': [<snowplow_tracker.self_describing_json.SelfDescribingJson object at 0x7f2e48dfabf0>]}
[0m03:56:05.964691 [info ] [MainThread]: Concurrency: 4 threads (target='dev')
[0m03:56:05.964954 [info ] [MainThread]: 
[0m03:56:05.967670 [debug] [Thread-1 (]: Began running node model.formula_1.stg_kaggle__circuits
[0m03:56:05.967803 [debug] [Thread-2 (]: Began running node model.formula_1.stg_kaggle__constructors
[0m03:56:05.968099 [debug] [Thread-3 (]: Began running node model.formula_1.stg_kaggle__drivers
[0m03:56:05.968409 [info ] [Thread-1 (]: 1 of 6 START sql view model dbt_formula_1.stg_kaggle__circuits ................. [RUN]
[0m03:56:05.968759 [info ] [Thread-2 (]: 2 of 6 START sql view model dbt_formula_1.stg_kaggle__constructors ............. [RUN]
[0m03:56:05.969063 [info ] [Thread-3 (]: 3 of 6 START sql view model dbt_formula_1.stg_kaggle__drivers .................. [RUN]
[0m03:56:05.969879 [debug] [Thread-1 (]: Acquiring new bigquery connection "model.formula_1.stg_kaggle__circuits"
[0m03:56:05.970639 [debug] [Thread-2 (]: Acquiring new bigquery connection "model.formula_1.stg_kaggle__constructors"
[0m03:56:05.971340 [debug] [Thread-3 (]: Acquiring new bigquery connection "model.formula_1.stg_kaggle__drivers"
[0m03:56:05.971601 [debug] [Thread-1 (]: Began compiling node model.formula_1.stg_kaggle__circuits
[0m03:56:05.971827 [debug] [Thread-2 (]: Began compiling node model.formula_1.stg_kaggle__constructors
[0m03:56:05.972085 [debug] [Thread-3 (]: Began compiling node model.formula_1.stg_kaggle__drivers
[0m03:56:05.972350 [debug] [Thread-1 (]: Compiling model.formula_1.stg_kaggle__circuits
[0m03:56:05.972602 [debug] [Thread-2 (]: Compiling model.formula_1.stg_kaggle__constructors
[0m03:56:05.972853 [debug] [Thread-3 (]: Compiling model.formula_1.stg_kaggle__drivers
[0m03:56:05.976255 [debug] [Thread-1 (]: Writing injected SQL for node "model.formula_1.stg_kaggle__circuits"
[0m03:56:05.979361 [debug] [Thread-2 (]: Writing injected SQL for node "model.formula_1.stg_kaggle__constructors"
[0m03:56:05.982641 [debug] [Thread-3 (]: Writing injected SQL for node "model.formula_1.stg_kaggle__drivers"
[0m03:56:05.983371 [debug] [Thread-1 (]: finished collecting timing info
[0m03:56:05.983649 [debug] [Thread-3 (]: finished collecting timing info
[0m03:56:05.983848 [debug] [Thread-2 (]: finished collecting timing info
[0m03:56:05.984051 [debug] [Thread-1 (]: Began executing node model.formula_1.stg_kaggle__circuits
[0m03:56:05.984337 [debug] [Thread-3 (]: Began executing node model.formula_1.stg_kaggle__drivers
[0m03:56:05.984637 [debug] [Thread-2 (]: Began executing node model.formula_1.stg_kaggle__constructors
[0m03:56:06.034966 [debug] [Thread-3 (]: Writing runtime sql for node "model.formula_1.stg_kaggle__drivers"
[0m03:56:06.036328 [debug] [Thread-1 (]: Writing runtime sql for node "model.formula_1.stg_kaggle__circuits"
[0m03:56:06.036799 [debug] [Thread-3 (]: Opening a new connection, currently in state init
[0m03:56:06.041558 [debug] [Thread-2 (]: Writing runtime sql for node "model.formula_1.stg_kaggle__constructors"
[0m03:56:06.041915 [debug] [Thread-3 (]: On model.formula_1.stg_kaggle__drivers: /* {"app": "dbt", "dbt_version": "1.3.1", "profile_name": "formula_1", "target_name": "dev", "node_id": "model.formula_1.stg_kaggle__drivers"} */


  create or replace view `chris-analytics-testing`.`dbt_formula_1`.`stg_kaggle__drivers`
  OPTIONS()
  as with

source as (

    select *
    from `chris-analytics-testing`.`monaco_gp`.`raw_drivers`
    
),

renamed as (

    select
        safe_cast(driverId as int) as driver_id,
        safe_cast(driverRef as string) as driver_slug,
        safe_cast(number as int) as driver_number,
        case
            when safe_cast(code as string) != '\\N'
            then safe_cast(code as string) 
        end as driver_code,

        safe_cast(forename as string) as first_name,
        safe_cast(surname as string) as last_name,
        safe_cast(dob as date) as date_of_birth,
        safe_cast(nationality as string) as nationality,
        safe_cast(url as string) as driver_url
    from
        source

)

select *
from renamed;


[0m03:56:06.042164 [debug] [Thread-1 (]: Opening a new connection, currently in state closed
[0m03:56:06.044051 [debug] [Thread-2 (]: Opening a new connection, currently in state init
[0m03:56:06.044256 [debug] [Thread-1 (]: On model.formula_1.stg_kaggle__circuits: /* {"app": "dbt", "dbt_version": "1.3.1", "profile_name": "formula_1", "target_name": "dev", "node_id": "model.formula_1.stg_kaggle__circuits"} */


  create or replace view `chris-analytics-testing`.`dbt_formula_1`.`stg_kaggle__circuits`
  OPTIONS()
  as with

source as (

    select *
    from `chris-analytics-testing`.`monaco_gp`.`raw_circuits`
    
),

renamed as (

    select
        safe_cast(circuitId as int) as circuit_id,
        safe_cast(circuitRef as string) as circuit_slug,
        safe_cast(name as string) as circuit_name,
        safe_cast(location as string) as circuit_location_name,
        safe_cast(country as string) as circuit_country_name,
        safe_cast(lat as numeric) as circuit_latitude,
        safe_cast(lng as numeric) as circuit_longitude,
        safe_cast(alt as string) as circuit_altitude,
        safe_cast(url as string) as circuit_url
    from
        source

)

select *
from renamed;


[0m03:56:06.044489 [debug] [Thread-2 (]: On model.formula_1.stg_kaggle__constructors: /* {"app": "dbt", "dbt_version": "1.3.1", "profile_name": "formula_1", "target_name": "dev", "node_id": "model.formula_1.stg_kaggle__constructors"} */


  create or replace view `chris-analytics-testing`.`dbt_formula_1`.`stg_kaggle__constructors`
  OPTIONS()
  as with

source as (

    select *
    from `chris-analytics-testing`.`monaco_gp`.`raw_constructors`
    
),

renamed as (

    select
        safe_cast(constructorId as int) as constructor_id,
        safe_cast(constructorRef as string) as constructor_slug,
        safe_cast(name as string) as constructor_name,
        safe_cast(nationality as string) as constructor_nationality,
        safe_cast(url as string) as constructor_url
    from
        source

)

select *
from renamed;


[0m03:56:06.639891 [debug] [Thread-3 (]: BigQuery adapter: https://console.cloud.google.com/bigquery?project=chris-analytics-testing&j=bq:6ac512f7-3128-4c51-bcdd-c8b402c4c1ea:US&page=queryresults
[0m03:56:06.685424 [debug] [Thread-3 (]: finished collecting timing info
[0m03:56:06.686097 [debug] [Thread-3 (]: Sending event: {'category': 'dbt', 'action': 'run_model', 'label': 'c03eb6d0-9e7a-4d1a-bc30-cc54dc372b75', 'context': [<snowplow_tracker.self_describing_json.SelfDescribingJson object at 0x7f2e48115db0>]}
[0m03:56:06.686516 [info ] [Thread-3 (]: 3 of 6 OK created sql view model dbt_formula_1.stg_kaggle__drivers ............. [[32mCREATE VIEW (0 processed)[0m in 0.72s]
[0m03:56:06.687047 [debug] [Thread-3 (]: Finished running node model.formula_1.stg_kaggle__drivers
[0m03:56:06.687635 [debug] [Thread-4 (]: Began running node model.formula_1.dim_drivers
[0m03:56:06.688042 [info ] [Thread-4 (]: 4 of 6 START sql table model dbt_formula_1.dim_drivers ......................... [RUN]
[0m03:56:06.688886 [debug] [Thread-4 (]: Acquiring new bigquery connection "model.formula_1.dim_drivers"
[0m03:56:06.689129 [debug] [Thread-4 (]: Began compiling node model.formula_1.dim_drivers
[0m03:56:06.689380 [debug] [Thread-4 (]: Compiling model.formula_1.dim_drivers
[0m03:56:06.692212 [debug] [Thread-4 (]: Writing injected SQL for node "model.formula_1.dim_drivers"
[0m03:56:06.692571 [debug] [Thread-4 (]: finished collecting timing info
[0m03:56:06.692784 [debug] [Thread-4 (]: Began executing node model.formula_1.dim_drivers
[0m03:56:06.703118 [debug] [Thread-4 (]: Opening a new connection, currently in state init
[0m03:56:06.915828 [debug] [Thread-2 (]: BigQuery adapter: https://console.cloud.google.com/bigquery?project=chris-analytics-testing&j=bq:3559c49d-e755-4728-9c36-31959626ff54:US&page=queryresults
[0m03:56:06.918964 [debug] [Thread-2 (]: finished collecting timing info
[0m03:56:06.919617 [debug] [Thread-2 (]: Sending event: {'category': 'dbt', 'action': 'run_model', 'label': 'c03eb6d0-9e7a-4d1a-bc30-cc54dc372b75', 'context': [<snowplow_tracker.self_describing_json.SelfDescribingJson object at 0x7f2e49031b10>]}
[0m03:56:06.919990 [info ] [Thread-2 (]: 2 of 6 OK created sql view model dbt_formula_1.stg_kaggle__constructors ........ [[32mCREATE VIEW (0 processed)[0m in 0.95s]
[0m03:56:06.920454 [debug] [Thread-2 (]: Finished running node model.formula_1.stg_kaggle__constructors
[0m03:56:06.920970 [debug] [Thread-3 (]: Began running node model.formula_1.dim_constructors
[0m03:56:06.921282 [info ] [Thread-3 (]: 5 of 6 START sql table model dbt_formula_1.dim_constructors .................... [RUN]
[0m03:56:06.921895 [debug] [Thread-3 (]: Acquiring new bigquery connection "model.formula_1.dim_constructors"
[0m03:56:06.922085 [debug] [Thread-3 (]: Began compiling node model.formula_1.dim_constructors
[0m03:56:06.922261 [debug] [Thread-3 (]: Compiling model.formula_1.dim_constructors
[0m03:56:06.925340 [debug] [Thread-3 (]: Writing injected SQL for node "model.formula_1.dim_constructors"
[0m03:56:06.925677 [debug] [Thread-3 (]: finished collecting timing info
[0m03:56:06.925889 [debug] [Thread-3 (]: Began executing node model.formula_1.dim_constructors
[0m03:56:06.952487 [debug] [Thread-4 (]: Writing runtime sql for node "model.formula_1.dim_drivers"
[0m03:56:06.954591 [debug] [Thread-3 (]: Writing runtime sql for node "model.formula_1.dim_constructors"
[0m03:56:06.955946 [debug] [Thread-4 (]: On model.formula_1.dim_drivers: /* {"app": "dbt", "dbt_version": "1.3.1", "profile_name": "formula_1", "target_name": "dev", "node_id": "model.formula_1.dim_drivers"} */

  
    

    create or replace table `chris-analytics-testing`.`dbt_formula_1`.`dim_drivers`
    
    
    OPTIONS()
    as (
      with

drivers as (
    
    select *
    from `chris-analytics-testing`.`dbt_formula_1`.`stg_kaggle__drivers`
    
),

final as (

    select *
    from drivers

)

select *
from final
    );
  
[0m03:56:06.957193 [debug] [Thread-1 (]: BigQuery adapter: https://console.cloud.google.com/bigquery?project=chris-analytics-testing&j=bq:1725cf84-a50d-4943-a4ae-060b5c474072:US&page=queryresults
[0m03:56:06.959631 [debug] [Thread-3 (]: Opening a new connection, currently in state closed
[0m03:56:06.962516 [debug] [Thread-1 (]: finished collecting timing info
[0m03:56:06.962872 [debug] [Thread-3 (]: On model.formula_1.dim_constructors: /* {"app": "dbt", "dbt_version": "1.3.1", "profile_name": "formula_1", "target_name": "dev", "node_id": "model.formula_1.dim_constructors"} */

  
    

    create or replace table `chris-analytics-testing`.`dbt_formula_1`.`dim_constructors`
    
    
    OPTIONS()
    as (
      with

constructors as (
    
    select *
    from `chris-analytics-testing`.`dbt_formula_1`.`stg_kaggle__constructors`
    
),

final as (

    select *
    from constructors

)

select *
from final
    );
  
[0m03:56:06.963666 [debug] [Thread-1 (]: Sending event: {'category': 'dbt', 'action': 'run_model', 'label': 'c03eb6d0-9e7a-4d1a-bc30-cc54dc372b75', 'context': [<snowplow_tracker.self_describing_json.SelfDescribingJson object at 0x7f2e48158250>]}
[0m03:56:06.966139 [info ] [Thread-1 (]: 1 of 6 OK created sql view model dbt_formula_1.stg_kaggle__circuits ............ [[32mCREATE VIEW (0 processed)[0m in 0.99s]
[0m03:56:06.966868 [debug] [Thread-1 (]: Finished running node model.formula_1.stg_kaggle__circuits
[0m03:56:06.967474 [debug] [Thread-2 (]: Began running node model.formula_1.dim_circuits
[0m03:56:06.967844 [info ] [Thread-2 (]: 6 of 6 START sql table model dbt_formula_1.dim_circuits ........................ [RUN]
[0m03:56:06.968660 [debug] [Thread-2 (]: Acquiring new bigquery connection "model.formula_1.dim_circuits"
[0m03:56:06.968903 [debug] [Thread-2 (]: Began compiling node model.formula_1.dim_circuits
[0m03:56:06.969124 [debug] [Thread-2 (]: Compiling model.formula_1.dim_circuits
[0m03:56:06.972486 [debug] [Thread-2 (]: Writing injected SQL for node "model.formula_1.dim_circuits"
[0m03:56:06.972867 [debug] [Thread-2 (]: finished collecting timing info
[0m03:56:06.973107 [debug] [Thread-2 (]: Began executing node model.formula_1.dim_circuits
[0m03:56:06.975483 [debug] [Thread-2 (]: Opening a new connection, currently in state closed
[0m03:56:07.217272 [debug] [Thread-2 (]: Writing runtime sql for node "model.formula_1.dim_circuits"
[0m03:56:07.218422 [debug] [Thread-2 (]: On model.formula_1.dim_circuits: /* {"app": "dbt", "dbt_version": "1.3.1", "profile_name": "formula_1", "target_name": "dev", "node_id": "model.formula_1.dim_circuits"} */

  
    

    create or replace table `chris-analytics-testing`.`dbt_formula_1`.`dim_circuits`
    
    
    OPTIONS()
    as (
      with

circuits as (
    
    select *
    from `chris-analytics-testing`.`dbt_formula_1`.`stg_kaggle__circuits`
    
),

final as (

    select *
    from circuits

)

select *
from final
    );
  
[0m03:56:09.047497 [debug] [Thread-4 (]: BigQuery adapter: https://console.cloud.google.com/bigquery?project=chris-analytics-testing&j=bq:9de40065-50b8-4ae5-96ab-a11658c641c5:US&page=queryresults
[0m03:56:09.054387 [debug] [Thread-4 (]: finished collecting timing info
[0m03:56:09.056850 [debug] [Thread-4 (]: Sending event: {'category': 'dbt', 'action': 'run_model', 'label': 'c03eb6d0-9e7a-4d1a-bc30-cc54dc372b75', 'context': [<snowplow_tracker.self_describing_json.SelfDescribingJson object at 0x7f2e480aacb0>]}
[0m03:56:09.058234 [info ] [Thread-4 (]: 4 of 6 OK created sql table model dbt_formula_1.dim_drivers .................... [[32mCREATE TABLE (855.0 rows, 88.0 KB processed)[0m in 2.37s]
[0m03:56:09.060021 [debug] [Thread-4 (]: Finished running node model.formula_1.dim_drivers
[0m03:56:09.321049 [debug] [Thread-2 (]: BigQuery adapter: https://console.cloud.google.com/bigquery?project=chris-analytics-testing&j=bq:bfb20518-c3f6-4949-bcc1-0883cd314712:US&page=queryresults
[0m03:56:09.327974 [debug] [Thread-2 (]: finished collecting timing info
[0m03:56:09.330099 [debug] [Thread-2 (]: Sending event: {'category': 'dbt', 'action': 'run_model', 'label': 'c03eb6d0-9e7a-4d1a-bc30-cc54dc372b75', 'context': [<snowplow_tracker.self_describing_json.SelfDescribingJson object at 0x7f2e4031c460>]}
[0m03:56:09.331307 [info ] [Thread-2 (]: 6 of 6 OK created sql table model dbt_formula_1.dim_circuits ................... [[32mCREATE TABLE (76.0 rows, 9.7 KB processed)[0m in 2.36s]
[0m03:56:09.332870 [debug] [Thread-2 (]: Finished running node model.formula_1.dim_circuits
[0m03:56:09.425021 [debug] [Thread-3 (]: BigQuery adapter: https://console.cloud.google.com/bigquery?project=chris-analytics-testing&j=bq:071c9418-f896-4808-af3a-f7ef72d94f89:US&page=queryresults
[0m03:56:09.430427 [debug] [Thread-3 (]: finished collecting timing info
[0m03:56:09.432503 [debug] [Thread-3 (]: Sending event: {'category': 'dbt', 'action': 'run_model', 'label': 'c03eb6d0-9e7a-4d1a-bc30-cc54dc372b75', 'context': [<snowplow_tracker.self_describing_json.SelfDescribingJson object at 0x7f2e480a8e80>]}
[0m03:56:09.433750 [info ] [Thread-3 (]: 5 of 6 OK created sql table model dbt_formula_1.dim_constructors ............... [[32mCREATE TABLE (211.0 rows, 17.0 KB processed)[0m in 2.51s]
[0m03:56:09.435273 [debug] [Thread-3 (]: Finished running node model.formula_1.dim_constructors
[0m03:56:09.436816 [debug] [MainThread]: Acquiring new bigquery connection "master"
[0m03:56:09.437435 [info ] [MainThread]: 
[0m03:56:09.437769 [info ] [MainThread]: Finished running 3 view models, 3 table models in 0 hours 0 minutes and 4.08 seconds (4.08s).
[0m03:56:09.438081 [debug] [MainThread]: Connection 'master' was properly closed.
[0m03:56:09.438246 [debug] [MainThread]: Connection 'model.formula_1.stg_kaggle__circuits' was properly closed.
[0m03:56:09.438414 [debug] [MainThread]: Connection 'model.formula_1.dim_circuits' was properly closed.
[0m03:56:09.438581 [debug] [MainThread]: Connection 'model.formula_1.dim_constructors' was properly closed.
[0m03:56:09.438746 [debug] [MainThread]: Connection 'model.formula_1.dim_drivers' was properly closed.
[0m03:56:09.488491 [info ] [MainThread]: 
[0m03:56:09.488841 [info ] [MainThread]: [32mCompleted successfully[0m
[0m03:56:09.489177 [info ] [MainThread]: 
[0m03:56:09.489456 [info ] [MainThread]: Done. PASS=6 WARN=0 ERROR=0 SKIP=0 TOTAL=6
[0m03:56:09.489802 [debug] [MainThread]: Sending event: {'category': 'dbt', 'action': 'invocation', 'label': 'end', 'context': [<snowplow_tracker.self_describing_json.SelfDescribingJson object at 0x7f2e48fd7310>, <snowplow_tracker.self_describing_json.SelfDescribingJson object at 0x7f2e48fd71f0>, <snowplow_tracker.self_describing_json.SelfDescribingJson object at 0x7f2e493260e0>]}
[0m03:56:09.490052 [debug] [MainThread]: Flushing usage events
